<?xml version="1.0" encoding="UTF-8"?>
<testsuites tests="4236" failures="1" errors="0" time="578.674084">
	<testsuite tests="0" failures="0" time="1.501000" name="github.com/pelicanplatform/pelican/api_token" timestamp="2026-06-30T21:10:14Z">
		<properties>
			<property name="go.version" value="go1.25.11 darwin/arm64"></property>
		</properties>
	</testsuite>
	<testsuite tests="3" failures="0" time="1.541000" name="github.com/pelicanplatform/pelican/broker" timestamp="2026-06-30T21:10:21Z">
		<properties>
			<property name="go.version" value="go1.25.11 darwin/arm64"></property>
		</properties>
		<testcase classname="github.com/pelicanplatform/pelican/broker" name="TestBroker" time="0.320000"></testcase>
		<testcase classname="github.com/pelicanplatform/pelican/broker" name="TestRetrieveTimeout" time="0.330000"></testcase>
		<testcase classname="github.com/pelicanplatform/pelican/broker" name="TestGetCacheHostnameFromToken" time="0.130000"></testcase>
	</testsuite>
	<testsuite tests="30" failures="0" time="0.244000" name="github.com/pelicanplatform/pelican/byte_rate" timestamp="2026-06-30T21:10:21Z">
		<properties>
			<property name="go.version" value="go1.25.11 darwin/arm64"></property>
		</properties>
		<testcase classname="github.com/pelicanplatform/pelican/byte_rate" name="TestParseRate/5MB/s" time="0.000000"></testcase>
		<testcase classname="github.com/pelicanplatform/pelican/byte_rate" name="TestParseRate/100Mbps" time="0.000000"></testcase>
		<testcase classname="github.com/pelicanplatform/pelican/byte_rate" name="TestParseRate/100Mbit/s" time="0.000000"></testcase>
		<testcase classname="github.com/pelicanplatform/pelican/byte_rate" name="TestParseRate/1GiB/m" time="0.000000"></testcase>
		<testcase classname="github.com/pelicanplatform/pelican/byte_rate" name="TestParseRate/500kbps" time="0.000000"></testcase>
		<testcase classname="github.com/pelicanplatform/pelican/byte_rate" name="TestParseRate/1.5PB/s" time="0.000000"></testcase>
		<testcase classname="github.com/pelicanplatform/pelican/byte_rate" name="TestParseRate/1024B/s" time="0.000000"></testcase>
		<testcase classname="github.com/pelicanplatform/pelican/byte_rate" name="TestParseRate/10MB/s" time="0.000000"></testcase>
		<testcase classname="github.com/pelicanplatform/pelican/byte_rate" name="TestParseRate/#00" time="0.000000"></testcase>
		<testcase classname="github.com/pelicanplatform/pelican/byte_rate" name="TestParseRate/invalid" time="0.000000"></testcase>
		<testcase classname="github.com/pelicanplatform/pelican/byte_rate" name="TestParseRate" time="0.000000"></testcase>
		<testcase classname="github.com/pelicanplatform/pelican/byte_rate" name="TestByteRateString/5.00MB/s" time="0.000000"></testcase>
		<testcase classname="github.com/pelicanplatform/pelican/byte_rate" name="TestByteRateString/1.00KB/s" time="0.000000"></testcase>
		<testcase classname="github.com/pelicanplatform/pelican/byte_rate" name="TestByteRateString/1.00GB/s" time="0.000000"></testcase>
		<testcase classname="github.com/pelicanplatform/pelican/byte_rate" name="TestByteRateString/500.00B/s" time="0.000000"></testcase>
		<testcase classname="github.com/pelicanplatform/pelican/byte_rate" name="TestByteRateString/1.50TB/s" time="0.000000"></testcase>
		<testcase classname="github.com/pelicanplatform/pelican/byte_rate" name="TestByteRateString" time="0.000000"></testcase>
		<testcase classname="github.com/pelicanplatform/pelican/byte_rate" name="TestByteRateUnmarshalText/10MB/s" time="0.000000"></testcase>
		<testcase classname="github.com/pelicanplatform/pelican/byte_rate" name="TestByteRateUnmarshalText/100Mbps" time="0.000000"></testcase>
		<testcase classname="github.com/pelicanplatform/pelican/byte_rate" name="TestByteRateUnmarshalText/invalid" time="0.000000"></testcase>
		<testcase classname="github.com/pelicanplatform/pelican/byte_rate" name="TestByteRateUnmarshalText" time="0.000000"></testcase>
		<testcase classname="github.com/pelicanplatform/pelican/byte_rate" name="TestByteRateJSON" time="0.000000"></testcase>
		<testcase classname="github.com/pelicanplatform/pelican/byte_rate" name="TestBitsVsBytes" time="0.000000"></testcase>
		<testcase classname="github.com/pelicanplatform/pelican/byte_rate" name="TestParseRateEdgeCases/whitespace_should_be_trimmed" time="0.000000"></testcase>
		<testcase classname="github.com/pelicanplatform/pelican/byte_rate" name="TestParseRateEdgeCases/bare_number_defaults_to_B/s" time="0.000000"></testcase>
		<testcase classname="github.com/pelicanplatform/pelican/byte_rate" name="TestParseRateEdgeCases/decimal_values_should_work" time="0.000000"></testcase>
		<testcase classname="github.com/pelicanplatform/pelican/byte_rate" name="TestParseRateEdgeCases/zero_is_valid" time="0.000000"></testcase>
		<testcase classname="github.com/pelicanplatform/pelican/byte_rate" name="TestParseRateEdgeCases/negative_values_should_error" time="0.000000"></testcase>
		<testcase classname="github.com/pelicanplatform/pelican/byte_rate" name="TestParseRateEdgeCases/missing_value_should_error" time="0.000000"></testcase>
		<testcase classname="github.com/pelicanplatform/pelican/byte_rate" name="TestParseRateEdgeCases" time="0.000000"></testcase>
	</testsuite>
	<testsuite tests="78" failures="0" time="9.450000" name="github.com/pelicanplatform/pelican/cache" timestamp="2026-06-30T21:10:30Z">
		<properties>
			<property name="go.version" value="go1.25.11 darwin/arm64"></property>
		</properties>
		<testcase classname="github.com/pelicanplatform/pelican/cache" name="TestFilterNsAdsForCache/no-matching-namespaces" time="0.120000"></testcase>
		<testcase classname="github.com/pelicanplatform/pelican/cache" name="TestFilterNsAdsForCache/matching-namespaces" time="0.050000"></testcase>
		<testcase classname="github.com/pelicanplatform/pelican/cache" name="TestFilterNsAdsForCache/mix-matching-namespaces" time="0.080000"></testcase>
		<testcase classname="github.com/pelicanplatform/pelican/cache" name="TestFilterNsAdsForCache/matching-prefix" time="0.080000"></testcase>
		<testcase classname="github.com/pelicanplatform/pelican/cache" name="TestFilterNsAdsForCache/no-filters-set" time="0.030000"></testcase>
		<testcase classname="github.com/pelicanplatform/pelican/cache" name="TestFilterNsAdsForCache/empty-filter-list" time="0.050000"></testcase>
		<testcase classname="github.com/pelicanplatform/pelican/cache" name="TestFilterNsAdsForCache/trailing-/" time="0.050000"></testcase>
		<testcase classname="github.com/pelicanplatform/pelican/cache" name="TestFilterNsAdsForCache/no-trailing-/" time="0.050000"></testcase>
		<testcase classname="github.com/pelicanplatform/pelican/cache" name="TestFilterNsAdsForCache/no-starting/" time="0.090000"></testcase>
		<testcase classname="github.com/pelicanplatform/pelican/cache" name="TestFilterNsAdsForCache" time="0.610000"></testcase>
		<testcase classname="github.com/pelicanplatform/pelican/cache" name="TestCheckCacheSentinelLocation/sentinel-not-set" time="0.000000"></testcase>
		<testcase classname="github.com/pelicanplatform/pelican/cache" name="TestCheckCacheSentinelLocation/sentinel-contains-dir" time="0.000000"></testcase>
		<testcase classname="github.com/pelicanplatform/pelican/cache" name="TestCheckCacheSentinelLocation/sentinel-dne" time="0.000000"></testcase>
		<testcase classname="github.com/pelicanplatform/pelican/cache" name="TestCheckCacheSentinelLocation/sentinel-exists" time="0.000000"></testcase>
		<testcase classname="github.com/pelicanplatform/pelican/cache" name="TestCheckCacheSentinelLocation" time="0.010000"></testcase>
		<testcase classname="github.com/pelicanplatform/pelican/cache" name="TestDirectorTestFilePattern/valid_txt_file" time="0.000000"></testcase>
		<testcase classname="github.com/pelicanplatform/pelican/cache" name="TestDirectorTestFilePattern/valid_cinfo_file" time="0.000000"></testcase>
		<testcase classname="github.com/pelicanplatform/pelican/cache" name="TestDirectorTestFilePattern/director-id_with_dots_and_dashes" time="0.000000"></testcase>
		<testcase classname="github.com/pelicanplatform/pelican/cache" name="TestDirectorTestFilePattern/director-id_with_port-like_segment" time="0.000000"></testcase>
		<testcase classname="github.com/pelicanplatform/pelican/cache" name="TestDirectorTestFilePattern/suffix_with_extra_dashes_and_dots" time="0.000000"></testcase>
		<testcase classname="github.com/pelicanplatform/pelican/cache" name="TestDirectorTestFilePattern/traversal_in_director-id" time="0.000000"></testcase>
		<testcase classname="github.com/pelicanplatform/pelican/cache" name="TestDirectorTestFilePattern/traversal_via_dotdot_filename" time="0.000000"></testcase>
		<testcase classname="github.com/pelicanplatform/pelican/cache" name="TestDirectorTestFilePattern/absolute_escape_after_prefix" time="0.000000"></testcase>
		<testcase classname="github.com/pelicanplatform/pelican/cache" name="TestDirectorTestFilePattern/dotdot_as_date_segment" time="0.000000"></testcase>
		<testcase classname="github.com/pelicanplatform/pelican/cache" name="TestDirectorTestFilePattern/empty_path" time="0.000000"></testcase>
		<testcase classname="github.com/pelicanplatform/pelican/cache" name="TestDirectorTestFilePattern/prefix_only,_no_filename" time="0.000000"></testcase>
		<testcase classname="github.com/pelicanplatform/pelican/cache" name="TestDirectorTestFilePattern/prefix_with_trailing_slash" time="0.000000"></testcase>
		<testcase classname="github.com/pelicanplatform/pelican/cache" name="TestDirectorTestFilePattern/missing_director-id_segment" time="0.000000"></testcase>
		<testcase classname="github.com/pelicanplatform/pelican/cache" name="TestDirectorTestFilePattern/missing_date_segment" time="0.000000"></testcase>
		<testcase classname="github.com/pelicanplatform/pelican/cache" name="TestDirectorTestFilePattern/empty_director-id_(double_slash)" time="0.000000"></testcase>
		<testcase classname="github.com/pelicanplatform/pelican/cache" name="TestDirectorTestFilePattern/double_slash_before_filename" time="0.000000"></testcase>
		<testcase classname="github.com/pelicanplatform/pelican/cache" name="TestDirectorTestFilePattern/extra_nested_directory" time="0.000000"></testcase>
		<testcase classname="github.com/pelicanplatform/pelican/cache" name="TestDirectorTestFilePattern/date_wrong_format_(no_dashes)" time="0.000000"></testcase>
		<testcase classname="github.com/pelicanplatform/pelican/cache" name="TestDirectorTestFilePattern/date_too_short" time="0.000000"></testcase>
		<testcase classname="github.com/pelicanplatform/pelican/cache" name="TestDirectorTestFilePattern/date_with_trailing_junk" time="0.000000"></testcase>
		<testcase classname="github.com/pelicanplatform/pelican/cache" name="TestDirectorTestFilePattern/wrong_filename_prefix" time="0.000000"></testcase>
		<testcase classname="github.com/pelicanplatform/pelican/cache" name="TestDirectorTestFilePattern/missing_dash_after_director-test" time="0.000000"></testcase>
		<testcase classname="github.com/pelicanplatform/pelican/cache" name="TestDirectorTestFilePattern/empty_suffix_after_dash" time="0.000000"></testcase>
		<testcase classname="github.com/pelicanplatform/pelican/cache" name="TestDirectorTestFilePattern/wrong_base_namespace" time="0.000000"></testcase>
		<testcase classname="github.com/pelicanplatform/pelican/cache" name="TestDirectorTestFilePattern/wrong_subdirectory" time="0.000000"></testcase>
		<testcase classname="github.com/pelicanplatform/pelican/cache" name="TestDirectorTestFilePattern/not_anchored_at_start" time="0.000000"></testcase>
		<testcase classname="github.com/pelicanplatform/pelican/cache" name="TestDirectorTestFilePattern/leading_dir_before_base" time="0.000000"></testcase>
		<testcase classname="github.com/pelicanplatform/pelican/cache" name="TestDirectorTestFilePattern/trailing_newline" time="0.000000"></testcase>
		<testcase classname="github.com/pelicanplatform/pelican/cache" name="TestDirectorTestFilePattern/trailing_carriage_return" time="0.000000"></testcase>
		<testcase classname="github.com/pelicanplatform/pelican/cache" name="TestDirectorTestFilePattern/trailing_NUL" time="0.000000"></testcase>
		<testcase classname="github.com/pelicanplatform/pelican/cache" name="TestDirectorTestFilePattern/newline_embedded_in_suffix" time="0.000000"></testcase>
		<testcase classname="github.com/pelicanplatform/pelican/cache" name="TestDirectorTestFilePattern/carriage_return_embedded_in_suffix" time="0.000000"></testcase>
		<testcase classname="github.com/pelicanplatform/pelican/cache" name="TestDirectorTestFilePattern/tab_embedded_in_suffix" time="0.000000"></testcase>
		<testcase classname="github.com/pelicanplatform/pelican/cache" name="TestDirectorTestFilePattern/newline_embedded_in_director-id" time="0.000000"></testcase>
		<testcase classname="github.com/pelicanplatform/pelican/cache" name="TestDirectorTestFilePattern/newline_then_traversal" time="0.000000"></testcase>
		<testcase classname="github.com/pelicanplatform/pelican/cache" name="TestDirectorTestFilePattern/leading_newline" time="0.000000"></testcase>
		<testcase classname="github.com/pelicanplatform/pelican/cache" name="TestDirectorTestFilePattern" time="0.020000"></testcase>
		<testcase classname="github.com/pelicanplatform/pelican/cache" name="TestDateSubdirPattern/valid_date" time="0.000000"></testcase>
		<testcase classname="github.com/pelicanplatform/pelican/cache" name="TestDateSubdirPattern/valid_leap_day" time="0.000000"></testcase>
		<testcase classname="github.com/pelicanplatform/pelican/cache" name="TestDateSubdirPattern/empty" time="0.000000"></testcase>
		<testcase classname="github.com/pelicanplatform/pelican/cache" name="TestDateSubdirPattern/single-digit_month" time="0.000000"></testcase>
		<testcase classname="github.com/pelicanplatform/pelican/cache" name="TestDateSubdirPattern/no_dashes" time="0.000000"></testcase>
		<testcase classname="github.com/pelicanplatform/pelican/cache" name="TestDateSubdirPattern/trailing_slash" time="0.000000"></testcase>
		<testcase classname="github.com/pelicanplatform/pelican/cache" name="TestDateSubdirPattern/leading_junk" time="0.000000"></testcase>
		<testcase classname="github.com/pelicanplatform/pelican/cache" name="TestDateSubdirPattern/trailing_junk" time="0.000000"></testcase>
		<testcase classname="github.com/pelicanplatform/pelican/cache" name="TestDateSubdirPattern/dotdot" time="0.000000"></testcase>
		<testcase classname="github.com/pelicanplatform/pelican/cache" name="TestDateSubdirPattern/embedded_newline" time="0.000000"></testcase>
		<testcase classname="github.com/pelicanplatform/pelican/cache" name="TestDateSubdirPattern" time="0.010000"></testcase>
		<testcase classname="github.com/pelicanplatform/pelican/cache" name="TestCleanupDirectorTestFiles/nonexistent-dir-is-noop" time="0.000000"></testcase>
		<testcase classname="github.com/pelicanplatform/pelican/cache" name="TestCleanupDirectorTestFiles/empty-dir-is-noop" time="0.000000"></testcase>
		<testcase classname="github.com/pelicanplatform/pelican/cache" name="TestCleanupDirectorTestFiles/removes-old-daily-subdirs-keeps-today" time="0.010000"></testcase>
		<testcase classname="github.com/pelicanplatform/pelican/cache" name="TestCleanupDirectorTestFiles/removes-all-legacy-flat-files" time="0.000000"></testcase>
		<testcase classname="github.com/pelicanplatform/pelican/cache" name="TestCleanupDirectorTestFiles/handles-legacy-flat-files-alongside-per-director-subtree" time="0.000000"></testcase>
		<testcase classname="github.com/pelicanplatform/pelican/cache" name="TestCleanupDirectorTestFiles/non-date-subdir-with-no-date-children-is-untouched" time="0.000000"></testcase>
		<testcase classname="github.com/pelicanplatform/pelican/cache" name="TestCleanupDirectorTestFiles/trims-per-director-and-removes-old-day-dirs" time="0.030000"></testcase>
		<testcase classname="github.com/pelicanplatform/pelican/cache" name="TestCleanupDirectorTestFiles" time="0.040000"></testcase>
		<testcase classname="github.com/pelicanplatform/pelican/cache" name="TestCleanupOldFilesInDir/keeps-object-when-under-threshold" time="0.000000"></testcase>
		<testcase classname="github.com/pelicanplatform/pelican/cache" name="TestCleanupOldFilesInDir/removes-oldest-objects-keeping-pairs-intact" time="0.000000"></testcase>
		<testcase classname="github.com/pelicanplatform/pelican/cache" name="TestCleanupOldFilesInDir/falls-back-to-name-order-without-cinfo" time="0.010000"></testcase>
		<testcase classname="github.com/pelicanplatform/pelican/cache" name="TestCleanupOldFilesInDir/in-progress-newest-object-does-not-orphan-previous-pair" time="0.000000"></testcase>
		<testcase classname="github.com/pelicanplatform/pelican/cache" name="TestCleanupOldFilesInDir/orphaned-cinfo-is-removed-with-its-object" time="0.000000"></testcase>
		<testcase classname="github.com/pelicanplatform/pelican/cache" name="TestCleanupOldFilesInDir" time="0.020000"></testcase>
		<testcase classname="github.com/pelicanplatform/pelican/cache" name="TestBrokerApi" time="6.950000"></testcase>
	</testsuite>
	<testsuite tests="517" failures="0" time="170.220000" name="github.com/pelicanplatform/pelican/client" timestamp="2026-06-30T21:10:36Z">
		<properties>
			<property name="go.version" value="go1.25.11 darwin/arm64"></property>
		</properties>
		<testcase classname="github.com/pelicanplatform/pelican/client" name="TestParseScope/scope_with_resource" time="0.000000"></testcase>
		<testcase classname="github.com/pelicanplatform/pelican/client" name="TestParseScope/scope_without_resource" time="0.000000"></testcase>
		<testcase classname="github.com/pelicanplatform/pelican/client" name="TestParseScope/scope_with_empty_resource" time="0.000000"></testcase>
		<testcase classname="github.com/pelicanplatform/pelican/client" name="TestParseScope/scope_with_multiple_colons" time="0.000000"></testcase>
		<testcase classname="github.com/pelicanplatform/pelican/client" name="TestParseScope/empty_scope" time="0.000000"></testcase>
		<testcase classname="github.com/pelicanplatform/pelican/client" name="TestParseScope/scitoken_read_scope_with_resource" time="0.000000"></testcase>
		<testcase classname="github.com/pelicanplatform/pelican/client" name="TestParseScope/scitoken_write_scope_with_resource" time="0.000000"></testcase>
		<testcase classname="github.com/pelicanplatform/pelican/client" name="TestParseScope" time="0.000000"></testcase>
		<testcase classname="github.com/pelicanplatform/pelican/client" name="TestMatchesResource/exact_match" time="0.000000"></testcase>
		<testcase classname="github.com/pelicanplatform/pelican/client" name="TestMatchesResource/prefix_match" time="0.000000"></testcase>
		<testcase classname="github.com/pelicanplatform/pelican/client" name="TestMatchesResource/prefix_match_at_root" time="0.000000"></testcase>
		<testcase classname="github.com/pelicanplatform/pelican/client" name="TestMatchesResource/no_match_-_different_paths" time="0.000000"></testcase>
		<testcase classname="github.com/pelicanplatform/pelican/client" name="TestMatchesResource/partial_prefix_does_match_(string_prefix_behavior)" time="0.000000"></testcase>
		<testcase classname="github.com/pelicanplatform/pelican/client" name="TestMatchesResource/no_match_-_completely_different_paths" time="0.000000"></testcase>
		<testcase classname="github.com/pelicanplatform/pelican/client" name="TestMatchesResource/scope_with_trailing_slash_matches_target_without" time="0.000000"></testcase>
		<testcase classname="github.com/pelicanplatform/pelican/client" name="TestMatchesResource/scope_with_trailing_slash_matches_target_subpath" time="0.000000"></testcase>
		<testcase classname="github.com/pelicanplatform/pelican/client" name="TestMatchesResource/target_with_trailing_slash_matches_scope_without" time="0.000000"></testcase>
		<testcase classname="github.com/pelicanplatform/pelican/client" name="TestMatchesResource/shared_write_exact_match" time="0.000000"></testcase>
		<testcase classname="github.com/pelicanplatform/pelican/client" name="TestMatchesResource/shared_read_exact_match" time="0.000000"></testcase>
		<testcase classname="github.com/pelicanplatform/pelican/client" name="TestMatchesResource/shared_write_prefix_match_rejected" time="0.000000"></testcase>
		<testcase classname="github.com/pelicanplatform/pelican/client" name="TestMatchesResource/write_prefix_match" time="0.000000"></testcase>
		<testcase classname="github.com/pelicanplatform/pelican/client" name="TestMatchesResource/delete_prefix_match" time="0.000000"></testcase>
		<testcase classname="github.com/pelicanplatform/pelican/client" name="TestMatchesResource" time="0.000000"></testcase>
		<testcase classname="github.com/pelicanplatform/pelican/client" name="TestIsValidWLCGScope/storage.read_for_TokenRead" time="0.000000"></testcase>
		<testcase classname="github.com/pelicanplatform/pelican/client" name="TestIsValidWLCGScope/storage.read_for_TokenSharedRead" time="0.000000"></testcase>
		<testcase classname="github.com/pelicanplatform/pelican/client" name="TestIsValidWLCGScope/storage.modify_for_TokenRead_-_rejected" time="0.000000"></testcase>
		<testcase classname="github.com/pelicanplatform/pelican/client" name="TestIsValidWLCGScope/storage.modify_for_TokenWrite" time="0.000000"></testcase>
		<testcase classname="github.com/pelicanplatform/pelican/client" name="TestIsValidWLCGScope/storage.create_for_TokenWrite" time="0.000000"></testcase>
		<testcase classname="github.com/pelicanplatform/pelican/client" name="TestIsValidWLCGScope/storage.modify_for_TokenSharedWrite" time="0.000000"></testcase>
		<testcase classname="github.com/pelicanplatform/pelican/client" name="TestIsValidWLCGScope/storage.create_for_TokenSharedWrite" time="0.000000"></testcase>
		<testcase classname="github.com/pelicanplatform/pelican/client" name="TestIsValidWLCGScope/storage.read_for_TokenWrite_-_rejected" time="0.000000"></testcase>
		<testcase classname="github.com/pelicanplatform/pelican/client" name="TestIsValidWLCGScope/storage.modify_for_TokenDelete" time="0.000000"></testcase>
		<testcase classname="github.com/pelicanplatform/pelican/client" name="TestIsValidWLCGScope/storage.create_for_TokenDelete_-_rejected" time="0.000000"></testcase>
		<testcase classname="github.com/pelicanplatform/pelican/client" name="TestIsValidWLCGScope/storage.read_for_TokenDelete_-_rejected" time="0.000000"></testcase>
		<testcase classname="github.com/pelicanplatform/pelican/client" name="TestIsValidWLCGScope/invalid_scope_for_any_operation" time="0.000000"></testcase>
		<testcase classname="github.com/pelicanplatform/pelican/client" name="TestIsValidWLCGScope/storage.read_with_no_operation" time="0.000000"></testcase>
		<testcase classname="github.com/pelicanplatform/pelican/client" name="TestIsValidWLCGScope" time="0.000000"></testcase>
		<testcase classname="github.com/pelicanplatform/pelican/client" name="TestIsValidSciScope/read_for_TokenRead" time="0.000000"></testcase>
		<testcase classname="github.com/pelicanplatform/pelican/client" name="TestIsValidSciScope/read_for_TokenSharedRead" time="0.000000"></testcase>
		<testcase classname="github.com/pelicanplatform/pelican/client" name="TestIsValidSciScope/write_for_TokenRead_-_rejected" time="0.000000"></testcase>
		<testcase classname="github.com/pelicanplatform/pelican/client" name="TestIsValidSciScope/write_for_TokenWrite" time="0.000000"></testcase>
		<testcase classname="github.com/pelicanplatform/pelican/client" name="TestIsValidSciScope/write_for_TokenSharedWrite" time="0.000000"></testcase>
		<testcase classname="github.com/pelicanplatform/pelican/client" name="TestIsValidSciScope/read_for_TokenWrite_-_rejected" time="0.000000"></testcase>
		<testcase classname="github.com/pelicanplatform/pelican/client" name="TestIsValidSciScope/write_for_TokenDelete" time="0.000000"></testcase>
		<testcase classname="github.com/pelicanplatform/pelican/client" name="TestIsValidSciScope/read_for_TokenDelete_-_rejected" time="0.000000"></testcase>
		<testcase classname="github.com/pelicanplatform/pelican/client" name="TestIsValidSciScope/invalid_scope_for_any_operation" time="0.000000"></testcase>
		<testcase classname="github.com/pelicanplatform/pelican/client" name="TestIsValidSciScope/storage.read_for_TokenRead_-_rejected_(WLCG_scope)" time="0.000000"></testcase>
		<testcase classname="github.com/pelicanplatform/pelican/client" name="TestIsValidSciScope/read_with_no_operation" time="0.000000"></testcase>
		<testcase classname="github.com/pelicanplatform/pelican/client" name="TestIsValidSciScope" time="0.000000"></testcase>
		<testcase classname="github.com/pelicanplatform/pelican/client" name="TestHasAcceptableScope/WLCG_read_scope_matches" time="0.000000"></testcase>
		<testcase classname="github.com/pelicanplatform/pelican/client" name="TestHasAcceptableScope/WLCG_modify_scope_for_write" time="0.000000"></testcase>
		<testcase classname="github.com/pelicanplatform/pelican/client" name="TestHasAcceptableScope/WLCG_create_scope_for_write" time="0.000000"></testcase>
		<testcase classname="github.com/pelicanplatform/pelican/client" name="TestHasAcceptableScope/WLCG_scope_without_resource" time="0.000000"></testcase>
		<testcase classname="github.com/pelicanplatform/pelican/client" name="TestHasAcceptableScope/SciToken_read_scope_matches" time="0.000000"></testcase>
		<testcase classname="github.com/pelicanplatform/pelican/client" name="TestHasAcceptableScope/SciToken_write_scope_for_write" time="0.000000"></testcase>
		<testcase classname="github.com/pelicanplatform/pelican/client" name="TestHasAcceptableScope/SciToken_scope_without_resource" time="0.000000"></testcase>
		<testcase classname="github.com/pelicanplatform/pelican/client" name="TestHasAcceptableScope/multiple_WLCG_scopes_-_second_matches" time="0.000000"></testcase>
		<testcase classname="github.com/pelicanplatform/pelican/client" name="TestHasAcceptableScope/multiple_SciToken_scopes_-_second_matches" time="0.000000"></testcase>
		<testcase classname="github.com/pelicanplatform/pelican/client" name="TestHasAcceptableScope/WLCG_wrong_resource_path" time="0.000000"></testcase>
		<testcase classname="github.com/pelicanplatform/pelican/client" name="TestHasAcceptableScope/SciToken_wrong_resource_path" time="0.000000"></testcase>
		<testcase classname="github.com/pelicanplatform/pelican/client" name="TestHasAcceptableScope/WLCG_wrong_scope_type_for_operation" time="0.000000"></testcase>
		<testcase classname="github.com/pelicanplatform/pelican/client" name="TestHasAcceptableScope/dual_profile_-_WLCG_scope_matches" time="0.000000"></testcase>
		<testcase classname="github.com/pelicanplatform/pelican/client" name="TestHasAcceptableScope/dual_profile_-_SciToken_scope_matches" time="0.000000"></testcase>
		<testcase classname="github.com/pelicanplatform/pelican/client" name="TestHasAcceptableScope/empty_scope_string" time="0.000000"></testcase>
		<testcase classname="github.com/pelicanplatform/pelican/client" name="TestHasAcceptableScope/neither_WLCG_nor_SciToken" time="0.000000"></testcase>
		<testcase classname="github.com/pelicanplatform/pelican/client" name="TestHasAcceptableScope" time="0.000000"></testcase>
		<testcase classname="github.com/pelicanplatform/pelican/client" name="TestTokenIsAcceptableForSciTokens/SciToken_read_accepted_for_matching_resource" time="0.000000"></testcase>
		<testcase classname="github.com/pelicanplatform/pelican/client" name="TestTokenIsAcceptableForSciTokens/SciToken_rejected_for_resource_outside_namespace" time="0.000000"></testcase>
		<testcase classname="github.com/pelicanplatform/pelican/client" name="TestTokenIsAcceptableForSciTokens/SciToken_write_accepted_for_delete_operation" time="0.000000"></testcase>
		<testcase classname="github.com/pelicanplatform/pelican/client" name="TestTokenIsAcceptableForSciTokens/SciToken_write_accepted_for_write_operation" time="0.000000"></testcase>
		<testcase classname="github.com/pelicanplatform/pelican/client" name="TestTokenIsAcceptableForSciTokens/SciToken_read_rejected_for_write_operation" time="0.000000"></testcase>
		<testcase classname="github.com/pelicanplatform/pelican/client" name="TestTokenIsAcceptableForSciTokens" time="0.000000"></testcase>
		<testcase classname="github.com/pelicanplatform/pelican/client" name="TestTokenIsAcceptableForWLCGTokens/WLCG_storage.read_accepted_for_read_operation" time="0.000000"></testcase>
		<testcase classname="github.com/pelicanplatform/pelican/client" name="TestTokenIsAcceptableForWLCGTokens/WLCG_storage.read_accepted_for_shared_read_operation" time="0.000000"></testcase>
		<testcase classname="github.com/pelicanplatform/pelican/client" name="TestTokenIsAcceptableForWLCGTokens/WLCG_rejected_for_resource_outside_namespace" time="0.000000"></testcase>
		<testcase classname="github.com/pelicanplatform/pelican/client" name="TestTokenIsAcceptableForWLCGTokens/WLCG_storage.modify_accepted_for_write_operation" time="0.000000"></testcase>
		<testcase classname="github.com/pelicanplatform/pelican/client" name="TestTokenIsAcceptableForWLCGTokens/WLCG_storage.create_accepted_for_write_operation" time="0.000000"></testcase>
		<testcase classname="github.com/pelicanplatform/pelican/client" name="TestTokenIsAcceptableForWLCGTokens/WLCG_storage.create_accepted_for_shared_write_operation" time="0.000000"></testcase>
		<testcase classname="github.com/pelicanplatform/pelican/client" name="TestTokenIsAcceptableForWLCGTokens/WLCG_storage.modify_accepted_for_delete_operation" time="0.000000"></testcase>
		<testcase classname="github.com/pelicanplatform/pelican/client" name="TestTokenIsAcceptableForWLCGTokens/WLCG_storage.create_rejected_for_delete_operation" time="0.000000"></testcase>
		<testcase classname="github.com/pelicanplatform/pelican/client" name="TestTokenIsAcceptableForWLCGTokens/WLCG_storage.read_rejected_for_write_operation" time="0.000000"></testcase>
		<testcase classname="github.com/pelicanplatform/pelican/client" name="TestTokenIsAcceptableForWLCGTokens" time="0.000000"></testcase>
		<testcase classname="github.com/pelicanplatform/pelican/client" name="TestTokenIsAcceptableIssuerValidation/token_rejected_when_issuer_does_not_match" time="0.000000"></testcase>
		<testcase classname="github.com/pelicanplatform/pelican/client" name="TestTokenIsAcceptableIssuerValidation/token_accepted_when_issuer_is_in_list" time="0.000000"></testcase>
		<testcase classname="github.com/pelicanplatform/pelican/client" name="TestTokenIsAcceptableIssuerValidation/token_accepted_when_no_issuers_specified_in_dirResp" time="0.000000"></testcase>
		<testcase classname="github.com/pelicanplatform/pelican/client" name="TestTokenIsAcceptableIssuerValidation" time="0.000000"></testcase>
		<testcase classname="github.com/pelicanplatform/pelican/client" name="TestBearerAuthenticator_Authorize" time="0.000000"></testcase>
		<testcase classname="github.com/pelicanplatform/pelican/client" name="TestBearerAuthenticator_Verify" time="0.000000"></testcase>
		<testcase classname="github.com/pelicanplatform/pelican/client" name="TestDirRespCacheLookup/Miss" time="0.000000"></testcase>
		<testcase classname="github.com/pelicanplatform/pelican/client" name="TestDirRespCacheLookup/ExactMatch" time="0.000000"></testcase>
		<testcase classname="github.com/pelicanplatform/pelican/client" name="TestDirRespCacheLookup/PrefixMatch" time="0.000000"></testcase>
		<testcase classname="github.com/pelicanplatform/pelican/client" name="TestDirRespCacheLookup/LongestPrefixWins" time="0.000000"></testcase>
		<testcase classname="github.com/pelicanplatform/pelican/client" name="TestDirRespCacheLookup/NoPartialSegmentMatch" time="0.000000"></testcase>
		<testcase classname="github.com/pelicanplatform/pelican/client" name="TestDirRespCacheLookup/FoobarNotCoveredByFoo" time="0.000000"></testcase>
		<testcase classname="github.com/pelicanplatform/pelican/client" name="TestDirRespCacheLookup" time="0.000000"></testcase>
		<testcase classname="github.com/pelicanplatform/pelican/client" name="TestDirRespCacheExpiry" time="0.060000"></testcase>
		<testcase classname="github.com/pelicanplatform/pelican/client" name="TestDirRespCacheInvalidate" time="0.000000"></testcase>
		<testcase classname="github.com/pelicanplatform/pelican/client" name="TestDirRespCacheInvalidateAll" time="0.000000"></testcase>
		<testcase classname="github.com/pelicanplatform/pelican/client" name="TestDirRespCacheCleanExpired" time="0.060000"></testcase>
		<testcase classname="github.com/pelicanplatform/pelican/client" name="TestDirRespCacheOverwrite" time="0.000000"></testcase>
		<testcase classname="github.com/pelicanplatform/pelican/client" name="TestMatchesPrefix//a/b/c_/a/b" time="0.000000"></testcase>
		<testcase classname="github.com/pelicanplatform/pelican/client" name="TestMatchesPrefix//a/b/c_/a/b/c" time="0.000000"></testcase>
		<testcase classname="github.com/pelicanplatform/pelican/client" name="TestMatchesPrefix//a/b/c_/a" time="0.000000"></testcase>
		<testcase classname="github.com/pelicanplatform/pelican/client" name="TestMatchesPrefix//a/b/c_/" time="0.000000"></testcase>
		<testcase classname="github.com/pelicanplatform/pelican/client" name="TestMatchesPrefix//abc_/ab" time="0.000000"></testcase>
		<testcase classname="github.com/pelicanplatform/pelican/client" name="TestMatchesPrefix//foobar_/foo" time="0.000000"></testcase>
		<testcase classname="github.com/pelicanplatform/pelican/client" name="TestMatchesPrefix//foo/bar_/foo" time="0.000000"></testcase>
		<testcase classname="github.com/pelicanplatform/pelican/client" name="TestMatchesPrefix//a_/a/b" time="0.000000"></testcase>
		<testcase classname="github.com/pelicanplatform/pelican/client" name="TestMatchesPrefix//x/y_/a/b" time="0.000000"></testcase>
		<testcase classname="github.com/pelicanplatform/pelican/client" name="TestMatchesPrefix" time="0.000000"></testcase>
		<testcase classname="github.com/pelicanplatform/pelican/client" name="TestLookupOrLoadCacheHit" time="0.000000"></testcase>
		<testcase classname="github.com/pelicanplatform/pelican/client" name="TestLookupOrLoadCacheMiss" time="0.000000"></testcase>
		<testcase classname="github.com/pelicanplatform/pelican/client" name="TestLookupOrLoadCoalesces" time="0.050000"></testcase>
		<testcase classname="github.com/pelicanplatform/pelican/client" name="TestLookupOrLoadContextCancel" time="0.000000"></testcase>
		<testcase classname="github.com/pelicanplatform/pelican/client" name="TestLookupOrLoadNoPartialSegment" time="0.000000"></testcase>
		<testcase classname="github.com/pelicanplatform/pelican/client" name="TestLookupOrLoadLoaderError" time="0.000000"></testcase>
		<testcase classname="github.com/pelicanplatform/pelican/client" name="TestDirRespCacheStripsFederationPath/StoreStripsAndLookupReconstitutes" time="0.000000"></testcase>
		<testcase classname="github.com/pelicanplatform/pelican/client" name="TestDirRespCacheStripsFederationPath/LookupOrLoadReconstitutes" time="0.000000"></testcase>
		<testcase classname="github.com/pelicanplatform/pelican/client" name="TestDirRespCacheStripsFederationPath/EmptyObjectPathNoOp" time="0.000000"></testcase>
		<testcase classname="github.com/pelicanplatform/pelican/client" name="TestDirRespCacheStripsFederationPath" time="0.000000"></testcase>
		<testcase classname="github.com/pelicanplatform/pelican/client" name="TestParseServersFromDirectorResponse" time="0.000000"></testcase>
		<testcase classname="github.com/pelicanplatform/pelican/client" name="TestParseDirectorInfo" time="0.000000"></testcase>
		<testcase classname="github.com/pelicanplatform/pelican/client" name="TestQueryDirector/Basic_test_case_with_expected_values" time="0.000000"></testcase>
		<testcase classname="github.com/pelicanplatform/pelican/client" name="TestQueryDirector/Error_with_no_Server_header_should_retry" time="10.080000"></testcase>
		<testcase classname="github.com/pelicanplatform/pelican/client" name="TestQueryDirector/429_with_correct_Server_header_should_retry" time="10.480000"></testcase>
		<testcase classname="github.com/pelicanplatform/pelican/client" name="TestQueryDirector/No_retries_for_404_from_server_that_populates_Server:_pelican/_header" time="0.000000"></testcase>
		<testcase classname="github.com/pelicanplatform/pelican/client" name="TestQueryDirector" time="20.580000"></testcase>
		<testcase classname="github.com/pelicanplatform/pelican/client" name="TestGetDirectorInfoForPath/No_director_URL" time="0.000000"></testcase>
		<testcase classname="github.com/pelicanplatform/pelican/client" name="TestGetDirectorInfoForPath/Successful_GET_request" time="0.000000"></testcase>
		<testcase classname="github.com/pelicanplatform/pelican/client" name="TestGetDirectorInfoForPath/PUT_request_changes_verb" time="0.000000"></testcase>
		<testcase classname="github.com/pelicanplatform/pelican/client" name="TestGetDirectorInfoForPath/Queries_are_propagated" time="0.000000"></testcase>
		<testcase classname="github.com/pelicanplatform/pelican/client" name="TestGetDirectorInfoForPath" time="0.000000"></testcase>
		<testcase classname="github.com/pelicanplatform/pelican/client" name="TestDirectorDecisionInfo/WithoutDebugContext" time="0.000000"></testcase>
		<testcase classname="github.com/pelicanplatform/pelican/client" name="TestDirectorDecisionInfo/WithDebugContext" time="0.000000"></testcase>
		<testcase classname="github.com/pelicanplatform/pelican/client" name="TestDirectorDecisionInfo/RedirectBodyReturnedByQueryDirector" time="0.000000"></testcase>
		<testcase classname="github.com/pelicanplatform/pelican/client" name="TestDirectorDecisionInfo" time="0.030000"></testcase>
		<testcase classname="github.com/pelicanplatform/pelican/client" name="TestQueryDirectorDebugHeaderPercentage" time="3.220000"></testcase>
		<testcase classname="github.com/pelicanplatform/pelican/client" name="TestDirectorTimeout" time="10.030000"></testcase>
		<testcase classname="github.com/pelicanplatform/pelican/client" name="TestQueryDirectorGeoLocationHeader/HeaderSentWhenGeoLocationSet" time="0.010000"></testcase>
		<testcase classname="github.com/pelicanplatform/pelican/client" name="TestQueryDirectorGeoLocationHeader/HeaderNotSentWhenGeoLocationEmpty" time="0.000000"></testcase>
		<testcase classname="github.com/pelicanplatform/pelican/client" name="TestQueryDirectorGeoLocationHeader/HeaderNotSentWhenGeoLocationInvalid" time="0.000000"></testcase>
		<testcase classname="github.com/pelicanplatform/pelican/client" name="TestQueryDirectorGeoLocationHeader" time="0.040000"></testcase>
		<testcase classname="github.com/pelicanplatform/pelican/client" name="TestErrorAccum" time="0.000000"></testcase>
		<testcase classname="github.com/pelicanplatform/pelican/client" name="TestErrorsRetryableFalse" time="0.000000"></testcase>
		<testcase classname="github.com/pelicanplatform/pelican/client" name="TestErrorsRetryableTrue" time="0.000000"></testcase>
		<testcase classname="github.com/pelicanplatform/pelican/client" name="TestNewTransferDetails/ServerWithHTTPAndPort" time="0.000000"></testcase>
		<testcase classname="github.com/pelicanplatform/pelican/client" name="TestNewTransferDetails/ServerWithHTTPSAndPort" time="0.000000"></testcase>
		<testcase classname="github.com/pelicanplatform/pelican/client" name="TestNewTransferDetails/ServerWithHTTPAndNoPort" time="0.000000"></testcase>
		<testcase classname="github.com/pelicanplatform/pelican/client" name="TestNewTransferDetails/ServerWithHTTPSAndNoPort" time="0.000000"></testcase>
		<testcase classname="github.com/pelicanplatform/pelican/client" name="TestNewTransferDetails" time="0.000000"></testcase>
		<testcase classname="github.com/pelicanplatform/pelican/client" name="TestNewTransferDetailsEnv" time="0.040000"></testcase>
		<testcase classname="github.com/pelicanplatform/pelican/client" name="TestIsProxyEnabled/ProxyEnabledVia_http_proxy" time="0.010000"></testcase>
		<testcase classname="github.com/pelicanplatform/pelican/client" name="TestIsProxyEnabled/ProxyEnabledVia_HTTP_PROXY" time="0.020000"></testcase>
		<testcase classname="github.com/pelicanplatform/pelican/client" name="TestIsProxyEnabled/ProxyEnabledVia_https_proxy" time="0.020000"></testcase>
		<testcase classname="github.com/pelicanplatform/pelican/client" name="TestIsProxyEnabled/ProxyEnabledVia_HTTPS_PROXY" time="0.010000"></testcase>
		<testcase classname="github.com/pelicanplatform/pelican/client" name="TestIsProxyEnabled/NoneSet" time="0.020000"></testcase>
		<testcase classname="github.com/pelicanplatform/pelican/client" name="TestIsProxyEnabled/DisableHttpProxyOverridesEnvVar" time="0.020000"></testcase>
		<testcase classname="github.com/pelicanplatform/pelican/client" name="TestIsProxyEnabled" time="0.090000"></testcase>
		<testcase classname="github.com/pelicanplatform/pelican/client" name="TestSlowTransfers" time="4.019000"></testcase>
		<testcase classname="github.com/pelicanplatform/pelican/client" name="TestStoppedTransfer" time="4.030000"></testcase>
		<testcase classname="github.com/pelicanplatform/pelican/client" name="TestConnectionError" time="0.010000"></testcase>
		<testcase classname="github.com/pelicanplatform/pelican/client" name="TestAllocateMemoryError" time="0.000000"></testcase>
		<testcase classname="github.com/pelicanplatform/pelican/client" name="TestNetworkResetError" time="0.100000"></testcase>
		<testcase classname="github.com/pelicanplatform/pelican/client" name="TestProxyConnectionError" time="0.000000"></testcase>
		<testcase classname="github.com/pelicanplatform/pelican/client" name="TestTrailerError" time="0.000000"></testcase>
		<testcase classname="github.com/pelicanplatform/pelican/client" name="TestUploadZeroLengthFile" time="0.000000"></testcase>
		<testcase classname="github.com/pelicanplatform/pelican/client" name="TestFailedUpload" time="0.000000"></testcase>
		<testcase classname="github.com/pelicanplatform/pelican/client" name="TestUploadLocalFileNotFound" time="0.020000"></testcase>
		<testcase classname="github.com/pelicanplatform/pelican/client" name="TestSortAttempts" time="2.009000"></testcase>
		<testcase classname="github.com/pelicanplatform/pelican/client" name="TestSortAttemptsPreferredCachesRespected" time="1.000000"></testcase>
		<testcase classname="github.com/pelicanplatform/pelican/client" name="TestCompareAttempts/FailedVsGoodSameTier" time="0.000000"></testcase>
		<testcase classname="github.com/pelicanplatform/pelican/client" name="TestCompareAttempts/PendingVsGoodSameTier" time="0.000000"></testcase>
		<testcase classname="github.com/pelicanplatform/pelican/client" name="TestCompareAttempts/EqualValues" time="0.000000"></testcase>
		<testcase classname="github.com/pelicanplatform/pelican/client" name="TestCompareAttempts/PreferredBeatsDirector" time="0.000000"></testcase>
		<testcase classname="github.com/pelicanplatform/pelican/client" name="TestCompareAttempts" time="0.000000"></testcase>
		<testcase classname="github.com/pelicanplatform/pelican/client" name="TestTimeoutHeaderSetForDownload" time="0.030000"></testcase>
		<testcase classname="github.com/pelicanplatform/pelican/client" name="TestJobIdHeaderSetForDownload" time="0.020000"></testcase>
		<testcase classname="github.com/pelicanplatform/pelican/client" name="TestProjInUserAgent" time="0.000000"></testcase>
		<testcase classname="github.com/pelicanplatform/pelican/client" name="TestGetObjectServersToTry/RequiredTokenTriggersHTTPS" time="0.000000"></testcase>
		<testcase classname="github.com/pelicanplatform/pelican/client" name="TestGetObjectServersToTry/NoRequiredTokenPreservesHTTP" time="0.000000"></testcase>
		<testcase classname="github.com/pelicanplatform/pelican/client" name="TestGetObjectServersToTry/PreferredFlagSetCorrectly" time="0.000000"></testcase>
		<testcase classname="github.com/pelicanplatform/pelican/client" name="TestGetObjectServersToTry" time="0.000000"></testcase>
		<testcase classname="github.com/pelicanplatform/pelican/client" name="TestSearchJobAd/TestNoJobAd" time="0.000000"></testcase>
		<testcase classname="github.com/pelicanplatform/pelican/client" name="TestSearchJobAd/TestProjectNameAd" time="0.000000"></testcase>
		<testcase classname="github.com/pelicanplatform/pelican/client" name="TestSearchJobAd/TestGlobalJobIdAd" time="0.000000"></testcase>
		<testcase classname="github.com/pelicanplatform/pelican/client" name="TestSearchJobAd" time="0.000000"></testcase>
		<testcase classname="github.com/pelicanplatform/pelican/client" name="TestGatewayTimeout" time="0.030000"></testcase>
		<testcase classname="github.com/pelicanplatform/pelican/client" name="TestStatusCodeErrorWrapping/401_Unauthorized" time="0.000000"></testcase>
		<testcase classname="github.com/pelicanplatform/pelican/client" name="TestStatusCodeErrorWrapping/403_Forbidden" time="0.000000"></testcase>
		<testcase classname="github.com/pelicanplatform/pelican/client" name="TestStatusCodeErrorWrapping/404_Not_Found" time="0.000000"></testcase>
		<testcase classname="github.com/pelicanplatform/pelican/client" name="TestStatusCodeErrorWrapping/400_Bad_Request" time="0.000000"></testcase>
		<testcase classname="github.com/pelicanplatform/pelican/client" name="TestStatusCodeErrorWrapping/500_Internal_Server_Error" time="0.000000"></testcase>
		<testcase classname="github.com/pelicanplatform/pelican/client" name="TestStatusCodeErrorWrapping/502_Bad_Gateway" time="0.000000"></testcase>
		<testcase classname="github.com/pelicanplatform/pelican/client" name="TestStatusCodeErrorWrapping/503_Service_Unavailable" time="0.000000"></testcase>
		<testcase classname="github.com/pelicanplatform/pelican/client" name="TestStatusCodeErrorWrapping/504_Gateway_Timeout" time="0.000000"></testcase>
		<testcase classname="github.com/pelicanplatform/pelican/client" name="TestStatusCodeErrorWrapping" time="0.030000"></testcase>
		<testcase classname="github.com/pelicanplatform/pelican/client" name="TestStatusCodeErrorWrappingUpload/401_Unauthorized" time="0.010000"></testcase>
		<testcase classname="github.com/pelicanplatform/pelican/client" name="TestStatusCodeErrorWrappingUpload/403_Forbidden" time="0.010000"></testcase>
		<testcase classname="github.com/pelicanplatform/pelican/client" name="TestStatusCodeErrorWrappingUpload/400_Bad_Request" time="0.000000"></testcase>
		<testcase classname="github.com/pelicanplatform/pelican/client" name="TestStatusCodeErrorWrappingUpload/500_Internal_Server_Error" time="0.000000"></testcase>
		<testcase classname="github.com/pelicanplatform/pelican/client" name="TestStatusCodeErrorWrappingUpload/502_Bad_Gateway" time="0.010000"></testcase>
		<testcase classname="github.com/pelicanplatform/pelican/client" name="TestStatusCodeErrorWrappingUpload/503_Service_Unavailable" time="0.010000"></testcase>
		<testcase classname="github.com/pelicanplatform/pelican/client" name="TestStatusCodeErrorWrappingUpload/504_Gateway_Timeout" time="0.010000"></testcase>
		<testcase classname="github.com/pelicanplatform/pelican/client" name="TestStatusCodeErrorWrappingUpload" time="0.080000"></testcase>
		<testcase classname="github.com/pelicanplatform/pelican/client" name="TestHttpErrRespWithNonStatusCodeError/404_with_generic_error" time="0.000000"></testcase>
		<testcase classname="github.com/pelicanplatform/pelican/client" name="TestHttpErrRespWithNonStatusCodeError/500_with_generic_error" time="0.000000"></testcase>
		<testcase classname="github.com/pelicanplatform/pelican/client" name="TestHttpErrRespWithNonStatusCodeError/400_with_generic_error" time="0.000000"></testcase>
		<testcase classname="github.com/pelicanplatform/pelican/client" name="TestHttpErrRespWithNonStatusCodeError" time="0.020000"></testcase>
		<testcase classname="github.com/pelicanplatform/pelican/client" name="TestCatchAllErrorWrapping" time="0.010000"></testcase>
		<testcase classname="github.com/pelicanplatform/pelican/client" name="TestInvalidByteInChunkLengthError" time="0.000000"></testcase>
		<testcase classname="github.com/pelicanplatform/pelican/client" name="TestChecksum" time="0.030000"></testcase>
		<testcase classname="github.com/pelicanplatform/pelican/client" name="TestChecksumIncorrectWhenRequired" time="0.030000"></testcase>
		<testcase classname="github.com/pelicanplatform/pelican/client" name="TestChecksumIncorrectWhenNotRequired" time="0.040000"></testcase>
		<testcase classname="github.com/pelicanplatform/pelican/client" name="TestChecksumAlgorithmFallback" time="0.030000"></testcase>
		<testcase classname="github.com/pelicanplatform/pelican/client" name="TestChecksumMislabeledCRC32C" time="0.020000"></testcase>
		<testcase classname="github.com/pelicanplatform/pelican/client" name="TestChecksumMissing" time="0.020000"></testcase>
		<testcase classname="github.com/pelicanplatform/pelican/client" name="TestChecksumPut/test-good-checksum" time="0.030000"></testcase>
		<testcase classname="github.com/pelicanplatform/pelican/client" name="TestChecksumPut/test-bad-checksum" time="0.030000"></testcase>
		<testcase classname="github.com/pelicanplatform/pelican/client" name="TestChecksumPut/test-algorithm-mismatch" time="0.040000"></testcase>
		<testcase classname="github.com/pelicanplatform/pelican/client" name="TestChecksumPut/test-no-error-when-requireChecksum-false" time="0.070000"></testcase>
		<testcase classname="github.com/pelicanplatform/pelican/client" name="TestChecksumPut/test-missing-checksum-when-required" time="0.040000"></testcase>
		<testcase classname="github.com/pelicanplatform/pelican/client" name="TestChecksumPut" time="0.210000"></testcase>
		<testcase classname="github.com/pelicanplatform/pelican/client" name="TestResume" time="0.030000"></testcase>
		<testcase classname="github.com/pelicanplatform/pelican/client" name="TestFailedConnectionSetupError" time="1.040000"></testcase>
		<testcase classname="github.com/pelicanplatform/pelican/client" name="TestHeadRequestWithDownloadToken" time="0.000000"></testcase>
		<testcase classname="github.com/pelicanplatform/pelican/client" name="TestFailedUploadError" time="0.530000"></testcase>
		<testcase classname="github.com/pelicanplatform/pelican/client" name="TestFailedLargeUploadError" time="1.640000"></testcase>
		<testcase classname="github.com/pelicanplatform/pelican/client" name="TestNewTransferEngine/TestInitClientNotCalled" time="0.000000"></testcase>
		<testcase classname="github.com/pelicanplatform/pelican/client" name="TestNewTransferEngine/TestInitClientCalled" time="0.020000"></testcase>
		<testcase classname="github.com/pelicanplatform/pelican/client" name="TestNewTransferEngine" time="0.020000"></testcase>
		<testcase classname="github.com/pelicanplatform/pelican/client" name="TestListHttp/valid-collections-url" time="0.030000"></testcase>
		<testcase classname="github.com/pelicanplatform/pelican/client" name="TestListHttp/no-collections-url" time="0.000000"></testcase>
		<testcase classname="github.com/pelicanplatform/pelican/client" name="TestListHttp" time="0.030000"></testcase>
		<testcase classname="github.com/pelicanplatform/pelican/client" name="TestInvalidByteInChunkLength" time="0.000000"></testcase>
		<testcase classname="github.com/pelicanplatform/pelican/client" name="TestUnexpectedEOFInTransferStatus" time="0.000000"></testcase>
		<testcase classname="github.com/pelicanplatform/pelican/client" name="TestTLSCertificateError" time="0.050000"></testcase>
		<testcase classname="github.com/pelicanplatform/pelican/client" name="TestPutOverwrite/ObjectExists" time="0.010000"></testcase>
		<testcase classname="github.com/pelicanplatform/pelican/client" name="TestPutOverwrite/ObjectDoesNotExist" time="0.010000"></testcase>
		<testcase classname="github.com/pelicanplatform/pelican/client" name="TestPutOverwrite/StatError" time="0.010000"></testcase>
		<testcase classname="github.com/pelicanplatform/pelican/client" name="TestPutOverwrite/OverwriteEnabled" time="0.020000"></testcase>
		<testcase classname="github.com/pelicanplatform/pelican/client" name="TestPutOverwrite" time="0.070000"></testcase>
		<testcase classname="github.com/pelicanplatform/pelican/client" name="TestPackAutoSegfaultRegression" time="0.020000"></testcase>
		<testcase classname="github.com/pelicanplatform/pelican/client" name="TestPermissionDeniedError/expired-token" time="0.000000"></testcase>
		<testcase classname="github.com/pelicanplatform/pelican/client" name="TestPermissionDeniedError" time="0.000000"></testcase>
		<testcase classname="github.com/pelicanplatform/pelican/client" name="TestListHttpRecursiveAndDepth/recursive-unlimited-depth" time="0.010000"></testcase>
		<testcase classname="github.com/pelicanplatform/pelican/client" name="TestListHttpRecursiveAndDepth/depth-0-no-recursion" time="0.000000"></testcase>
		<testcase classname="github.com/pelicanplatform/pelican/client" name="TestListHttpRecursiveAndDepth/depth-1-current-behavior-matches-depth-0" time="0.000000"></testcase>
		<testcase classname="github.com/pelicanplatform/pelican/client" name="TestListHttpRecursiveAndDepth" time="0.030000"></testcase>
		<testcase classname="github.com/pelicanplatform/pelican/client" name="TestWrapDownloadError/proxy_connection_error" time="0.000000"></testcase>
		<testcase classname="github.com/pelicanplatform/pelican/client" name="TestWrapDownloadError/proxy_connection_error_no_addr" time="0.000000"></testcase>
		<testcase classname="github.com/pelicanplatform/pelican/client" name="TestWrapDownloadError/permission_denied_error_expired_token" time="0.000000"></testcase>
		<testcase classname="github.com/pelicanplatform/pelican/client" name="TestWrapDownloadError/permission_denied_error_no_token" time="0.000000"></testcase>
		<testcase classname="github.com/pelicanplatform/pelican/client" name="TestWrapDownloadError/permission_denied_error_invalid_token" time="0.000000"></testcase>
		<testcase classname="github.com/pelicanplatform/pelican/client" name="TestWrapDownloadError/connection_reset_error" time="0.000000"></testcase>
		<testcase classname="github.com/pelicanplatform/pelican/client" name="TestWrapDownloadError/epipe_error" time="0.000000"></testcase>
		<testcase classname="github.com/pelicanplatform/pelican/client" name="TestWrapDownloadError/allocate_memory_error" time="0.000000"></testcase>
		<testcase classname="github.com/pelicanplatform/pelican/client" name="TestWrapDownloadError/invalid_chunk_length_error" time="0.000000"></testcase>
		<testcase classname="github.com/pelicanplatform/pelican/client" name="TestWrapDownloadError/httperrresp_with_pelicanerror_inner" time="0.000000"></testcase>
		<testcase classname="github.com/pelicanplatform/pelican/client" name="TestWrapDownloadError/httperrresp_with_statuscodeerror_inner" time="0.000000"></testcase>
		<testcase classname="github.com/pelicanplatform/pelican/client" name="TestWrapDownloadError/httperrresp_with_generic_inner" time="0.000000"></testcase>
		<testcase classname="github.com/pelicanplatform/pelican/client" name="TestWrapDownloadError/connectionsetuperror_with_statuscodeerror_inner" time="0.000000"></testcase>
		<testcase classname="github.com/pelicanplatform/pelican/client" name="TestWrapDownloadError/connectionsetuperror_with_tls_certificate_error" time="0.000000"></testcase>
		<testcase classname="github.com/pelicanplatform/pelican/client" name="TestWrapDownloadError/connectionsetuperror_with_header_timeout" time="0.000000"></testcase>
		<testcase classname="github.com/pelicanplatform/pelican/client" name="TestWrapDownloadError/connectionsetuperror_generic" time="0.000000"></testcase>
		<testcase classname="github.com/pelicanplatform/pelican/client" name="TestWrapDownloadError/dns_error" time="0.000000"></testcase>
		<testcase classname="github.com/pelicanplatform/pelican/client" name="TestWrapDownloadError/context_deadline_error" time="0.000000"></testcase>
		<testcase classname="github.com/pelicanplatform/pelican/client" name="TestWrapDownloadError/already_wrapped_pelicanerror" time="0.000000"></testcase>
		<testcase classname="github.com/pelicanplatform/pelican/client" name="TestWrapDownloadError/generic_unknown_error" time="0.000000"></testcase>
		<testcase classname="github.com/pelicanplatform/pelican/client" name="TestWrapDownloadError" time="0.010000"></testcase>
		<testcase classname="github.com/pelicanplatform/pelican/client" name="TestIsIdleConnectionError/detects_idle_connection_error" time="0.000000"></testcase>
		<testcase classname="github.com/pelicanplatform/pelican/client" name="TestIsIdleConnectionError/detects_wrapped_idle_connection_error" time="0.000000"></testcase>
		<testcase classname="github.com/pelicanplatform/pelican/client" name="TestIsIdleConnectionError/detects_tls_unexpected_message" time="0.000000"></testcase>
		<testcase classname="github.com/pelicanplatform/pelican/client" name="TestIsIdleConnectionError/does_not_detect_other_errors" time="0.000000"></testcase>
		<testcase classname="github.com/pelicanplatform/pelican/client" name="TestIsIdleConnectionError/handles_nil_error" time="0.000000"></testcase>
		<testcase classname="github.com/pelicanplatform/pelican/client" name="TestIsIdleConnectionError" time="0.000000"></testcase>
		<testcase classname="github.com/pelicanplatform/pelican/client" name="TestIsRetryableWebDavError/detects_idle_connection_error" time="0.000000"></testcase>
		<testcase classname="github.com/pelicanplatform/pelican/client" name="TestIsRetryableWebDavError/detects_timeout_awaiting_response_headers" time="0.000000"></testcase>
		<testcase classname="github.com/pelicanplatform/pelican/client" name="TestIsRetryableWebDavError/detects_wrapped_timeout_error" time="0.000000"></testcase>
		<testcase classname="github.com/pelicanplatform/pelican/client" name="TestIsRetryableWebDavError/does_not_detect_other_errors" time="0.000000"></testcase>
		<testcase classname="github.com/pelicanplatform/pelican/client" name="TestIsRetryableWebDavError/handles_nil_error" time="0.000000"></testcase>
		<testcase classname="github.com/pelicanplatform/pelican/client" name="TestIsRetryableWebDavError" time="0.000000"></testcase>
		<testcase classname="github.com/pelicanplatform/pelican/client" name="TestDirectoryPermissionsRespectUmask/umask_0022_standard" time="0.000000"></testcase>
		<testcase classname="github.com/pelicanplatform/pelican/client" name="TestDirectoryPermissionsRespectUmask/umask_0002_group_writable" time="0.000000"></testcase>
		<testcase classname="github.com/pelicanplatform/pelican/client" name="TestDirectoryPermissionsRespectUmask/umask_0077_restrictive" time="0.000000"></testcase>
		<testcase classname="github.com/pelicanplatform/pelican/client" name="TestDirectoryPermissionsRespectUmask/umask_0027_group_readable" time="0.000000"></testcase>
		<testcase classname="github.com/pelicanplatform/pelican/client" name="TestDirectoryPermissionsRespectUmask" time="0.030000"></testcase>
		<testcase classname="github.com/pelicanplatform/pelican/client" name="TestUpload403WithSyncEnabled" time="0.020000"></testcase>
		<testcase classname="github.com/pelicanplatform/pelican/client" name="TestUpload403WithSyncDisabled" time="0.020000"></testcase>
		<testcase classname="github.com/pelicanplatform/pelican/client" name="TestRecursiveUpload403WithSync" time="0.020000"></testcase>
		<testcase classname="github.com/pelicanplatform/pelican/client" name="TestDownloadHTTPETag" time="0.010000"></testcase>
		<testcase classname="github.com/pelicanplatform/pelican/client" name="TestDownloadHTTPETagMissing" time="0.010000"></testcase>
		<testcase classname="github.com/pelicanplatform/pelican/client" name="TestMetadataChannel" time="0.020000"></testcase>
		<testcase classname="github.com/pelicanplatform/pelican/client" name="TestMetadataChannelNil" time="0.010000"></testcase>
		<testcase classname="github.com/pelicanplatform/pelican/client" name="TestDownloadHTTPByteRange" time="0.010000"></testcase>
		<testcase classname="github.com/pelicanplatform/pelican/client" name="TestDownloadHTTPResume" time="0.020000"></testcase>
		<testcase classname="github.com/pelicanplatform/pelican/client" name="TestUploadETag" time="0.010000"></testcase>
		<testcase classname="github.com/pelicanplatform/pelican/client" name="TestMetadataChannelByteRange" time="0.010000"></testcase>
		<testcase classname="github.com/pelicanplatform/pelican/client" name="TestFetchChecksumParsesMultipleDigests" time="0.000000"></testcase>
		<testcase classname="github.com/pelicanplatform/pelican/client" name="TestMonitorTPC/SuccessfulTransferWithPerfMarkers" time="0.000000"></testcase>
		<testcase classname="github.com/pelicanplatform/pelican/client" name="TestMonitorTPC/FailedTransfer" time="0.000000"></testcase>
		<testcase classname="github.com/pelicanplatform/pelican/client" name="TestMonitorTPC/MultipleStripes" time="0.000000"></testcase>
		<testcase classname="github.com/pelicanplatform/pelican/client" name="TestMonitorTPC/EmptyBody" time="0.000000"></testcase>
		<testcase classname="github.com/pelicanplatform/pelican/client" name="TestMonitorTPC" time="0.000000"></testcase>
		<testcase classname="github.com/pelicanplatform/pelican/client" name="TestInPlaceDefault" time="0.910000"></testcase>
		<testcase classname="github.com/pelicanplatform/pelican/client" name="TestInPlaceFlag" time="0.820000"></testcase>
		<testcase classname="github.com/pelicanplatform/pelican/client" name="TestTempFileCleanupOnFailure" time="0.020000"></testcase>
		<testcase classname="github.com/pelicanplatform/pelican/client" name="TestInPlaceSyncPreservesFileOnFailure" time="0.020000"></testcase>
		<testcase classname="github.com/pelicanplatform/pelican/client" name="TestDevNullSpecialCase" time="0.020000"></testcase>
		<testcase classname="github.com/pelicanplatform/pelican/client" name="TestContextCancellationCleanup" time="0.220000"></testcase>
		<testcase classname="github.com/pelicanplatform/pelican/client" name="TestExistingFileOverwrite" time="0.010000"></testcase>
		<testcase classname="github.com/pelicanplatform/pelican/client" name="TestDirectoryDestination" time="0.020000"></testcase>
		<testcase classname="github.com/pelicanplatform/pelican/client" name="TestGenerateSortedObjectServers/testNoPreferredServers" time="0.000000"></testcase>
		<testcase classname="github.com/pelicanplatform/pelican/client" name="TestGenerateSortedObjectServers/testPreferredCacheEmpty" time="0.000000"></testcase>
		<testcase classname="github.com/pelicanplatform/pelican/client" name="TestGenerateSortedObjectServers/testMultiplePreferredCaches" time="0.000000"></testcase>
		<testcase classname="github.com/pelicanplatform/pelican/client" name="TestGenerateSortedObjectServers/testMultiPreferredCachesPrepend" time="0.000000"></testcase>
		<testcase classname="github.com/pelicanplatform/pelican/client" name="TestGenerateSortedObjectServers/testPlusNotAtEnd" time="0.000000"></testcase>
		<testcase classname="github.com/pelicanplatform/pelican/client" name="TestGenerateSortedObjectServers" time="0.000000"></testcase>
		<testcase classname="github.com/pelicanplatform/pelican/client" name="TestGetToken" time="0.020000"></testcase>
		<testcase classname="github.com/pelicanplatform/pelican/client" name="TestGetTokenName" time="0.000000"></testcase>
		<testcase classname="github.com/pelicanplatform/pelican/client" name="TestParseRemoteAsPUrl/test_valid_pelican_url,_no_global_metadata" time="0.020000"></testcase>
		<testcase classname="github.com/pelicanplatform/pelican/client" name="TestParseRemoteAsPUrl/test_valid_osdf_url,_no_global_metadata" time="0.010000"></testcase>
		<testcase classname="github.com/pelicanplatform/pelican/client" name="TestParseRemoteAsPUrl/test_valid_stash_url,_no_global_metadata" time="0.010000"></testcase>
		<testcase classname="github.com/pelicanplatform/pelican/client" name="TestParseRemoteAsPUrl/test_valid_path_with_configured_global_discovery_url" time="0.010000"></testcase>
		<testcase classname="github.com/pelicanplatform/pelican/client" name="TestParseRemoteAsPUrl/test_valid_path_that_falls_back_to_configured_director_for_discovery" time="0.020000"></testcase>
		<testcase classname="github.com/pelicanplatform/pelican/client" name="TestParseRemoteAsPUrl/test_failure_for_path_with_no_discovery_metadata" time="0.010000"></testcase>
		<testcase classname="github.com/pelicanplatform/pelican/client" name="TestParseRemoteAsPUrl" time="0.090000"></testcase>
		<testcase classname="github.com/pelicanplatform/pelican/client" name="TestTokenIsAcceptable/read-only-with-storage.read" time="0.000000"></testcase>
		<testcase classname="github.com/pelicanplatform/pelican/client" name="TestTokenIsAcceptable/read-only-missing-scope" time="0.000000"></testcase>
		<testcase classname="github.com/pelicanplatform/pelican/client" name="TestTokenIsAcceptable/write-only-with-storage.create" time="0.000000"></testcase>
		<testcase classname="github.com/pelicanplatform/pelican/client" name="TestTokenIsAcceptable/write-only-with-storage.modify" time="0.000000"></testcase>
		<testcase classname="github.com/pelicanplatform/pelican/client" name="TestTokenIsAcceptable/delete-with-storage.modify" time="0.000000"></testcase>
		<testcase classname="github.com/pelicanplatform/pelican/client" name="TestTokenIsAcceptable/delete-with-storage.create-rejected" time="0.000000"></testcase>
		<testcase classname="github.com/pelicanplatform/pelican/client" name="TestTokenIsAcceptable/read+write-needs-both-scopes" time="0.000000"></testcase>
		<testcase classname="github.com/pelicanplatform/pelican/client" name="TestTokenIsAcceptable/read+write-with-only-read-rejected" time="0.000000"></testcase>
		<testcase classname="github.com/pelicanplatform/pelican/client" name="TestTokenIsAcceptable/read+write-with-both-scopes-accepted" time="0.000000"></testcase>
		<testcase classname="github.com/pelicanplatform/pelican/client" name="TestTokenIsAcceptable/read+list+write-accepted" time="0.000000"></testcase>
		<testcase classname="github.com/pelicanplatform/pelican/client" name="TestTokenIsAcceptable/scitoken-read-scope-for-read-op" time="0.000000"></testcase>
		<testcase classname="github.com/pelicanplatform/pelican/client" name="TestTokenIsAcceptable/scitoken-write-scope-for-write-op" time="0.000000"></testcase>
		<testcase classname="github.com/pelicanplatform/pelican/client" name="TestTokenIsAcceptable/scitoken-write-scope-for-delete-op" time="0.000000"></testcase>
		<testcase classname="github.com/pelicanplatform/pelican/client" name="TestTokenIsAcceptable/scitoken-read+write-for-multi-op" time="0.000000"></testcase>
		<testcase classname="github.com/pelicanplatform/pelican/client" name="TestTokenIsAcceptable/scitoken-only-write-for-read+write-rejected" time="0.000000"></testcase>
		<testcase classname="github.com/pelicanplatform/pelican/client" name="TestTokenIsAcceptable/no-scope-claim-rejected" time="0.000000"></testcase>
		<testcase classname="github.com/pelicanplatform/pelican/client" name="TestTokenIsAcceptable/scope-path-mismatch-rejected" time="0.000000"></testcase>
		<testcase classname="github.com/pelicanplatform/pelican/client" name="TestTokenIsAcceptable/scope-path-prefix-accepted" time="0.000000"></testcase>
		<testcase classname="github.com/pelicanplatform/pelican/client" name="TestTokenIsAcceptable/shared-read-exact-match-required" time="0.000000"></testcase>
		<testcase classname="github.com/pelicanplatform/pelican/client" name="TestTokenIsAcceptable/wlcg-rejects-bare-read-scope" time="0.000000"></testcase>
		<testcase classname="github.com/pelicanplatform/pelican/client" name="TestTokenIsAcceptable/wlcg-rejects-bare-write-scope" time="0.000000"></testcase>
		<testcase classname="github.com/pelicanplatform/pelican/client" name="TestTokenIsAcceptable/wlcg-accepts-storage.read" time="0.000000"></testcase>
		<testcase classname="github.com/pelicanplatform/pelican/client" name="TestTokenIsAcceptable/scitoken-accepts-bare-read-scope" time="0.000000"></testcase>
		<testcase classname="github.com/pelicanplatform/pelican/client" name="TestTokenIsAcceptable/scitoken-accepts-bare-write-scope" time="0.000000"></testcase>
		<testcase classname="github.com/pelicanplatform/pelican/client" name="TestTokenIsAcceptable" time="0.010000"></testcase>
		<testcase classname="github.com/pelicanplatform/pelican/client" name="TestComputeUploadDestPath/No_base_path_from_director" time="0.000000"></testcase>
		<testcase classname="github.com/pelicanplatform/pelican/client" name="TestComputeUploadDestPath/Director_returns_full_object_path_(POSIXv2_case)" time="0.000000"></testcase>
		<testcase classname="github.com/pelicanplatform/pelican/client" name="TestComputeUploadDestPath/Remote_path_already_contains_base_path_(sync_upload_case)" time="0.000000"></testcase>
		<testcase classname="github.com/pelicanplatform/pelican/client" name="TestComputeUploadDestPath/Remote_path_in_subdirectory_already_contains_base_path" time="0.000000"></testcase>
		<testcase classname="github.com/pelicanplatform/pelican/client" name="TestComputeUploadDestPath/Base_path_needs_to_be_prepended" time="0.000000"></testcase>
		<testcase classname="github.com/pelicanplatform/pelican/client" name="TestComputeUploadDestPath/Empty_base_path" time="0.000000"></testcase>
		<testcase classname="github.com/pelicanplatform/pelican/client" name="TestComputeUploadDestPath/Base_path_with_trailing_slash" time="0.000000"></testcase>
		<testcase classname="github.com/pelicanplatform/pelican/client" name="TestComputeUploadDestPath/Remote_path_without_leading_slash" time="0.000000"></testcase>
		<testcase classname="github.com/pelicanplatform/pelican/client" name="TestComputeUploadDestPath" time="0.000000"></testcase>
		<testcase classname="github.com/pelicanplatform/pelican/client" name="TestCheckPrestageAPISupport/CacheSupportsPrestageAPI" time="0.000000"></testcase>
		<testcase classname="github.com/pelicanplatform/pelican/client" name="TestCheckPrestageAPISupport/CacheDoesNotSupportPrestageAPI" time="0.000000"></testcase>
		<testcase classname="github.com/pelicanplatform/pelican/client" name="TestCheckPrestageAPISupport" time="0.020000"></testcase>
		<testcase classname="github.com/pelicanplatform/pelican/client" name="TestInvokePrestageAPI/SuccessfulPrestage" time="0.030000"></testcase>
		<testcase classname="github.com/pelicanplatform/pelican/client" name="TestInvokePrestageAPI/PrestageFailure" time="0.000000"></testcase>
		<testcase classname="github.com/pelicanplatform/pelican/client" name="TestInvokePrestageAPI/PrestageWithCallback" time="0.000000"></testcase>
		<testcase classname="github.com/pelicanplatform/pelican/client" name="TestInvokePrestageAPI/PrestageHTTPError" time="0.000000"></testcase>
		<testcase classname="github.com/pelicanplatform/pelican/client" name="TestInvokePrestageAPI" time="0.050000"></testcase>
		<testcase classname="github.com/pelicanplatform/pelican/client" name="TestPrestageWithAPIFallback" time="0.020000"></testcase>
		<testcase classname="github.com/pelicanplatform/pelican/client" name="TestByteCountSI" time="0.000000"></testcase>
		<testcase classname="github.com/pelicanplatform/pelican/client" name="TestRecursiveUploadsAndDownloads/testPelicanRecursiveGetAndPutPelicanURL" time="0.340000"></testcase>
		<testcase classname="github.com/pelicanplatform/pelican/client" name="TestRecursiveUploadsAndDownloads/testRecursiveDownloadToDevNull" time="0.130000"></testcase>
		<testcase classname="github.com/pelicanplatform/pelican/client" name="TestRecursiveUploadsAndDownloads/testOsdfRecursiveGetAndPutOsdfURL" time="0.130000"></testcase>
		<testcase classname="github.com/pelicanplatform/pelican/client" name="TestRecursiveUploadsAndDownloads/testOsdfRecursiveGetAndPutPelicanURL" time="0.130000"></testcase>
		<testcase classname="github.com/pelicanplatform/pelican/client" name="TestRecursiveUploadsAndDownloads" time="3.130000"></testcase>
		<testcase classname="github.com/pelicanplatform/pelican/client" name="TestRecursiveUploadsAndDownloadsWithQuery/testRecursiveGetAndPutWithQuery" time="0.260000"></testcase>
		<testcase classname="github.com/pelicanplatform/pelican/client" name="TestRecursiveUploadsAndDownloadsWithQuery/testRecursiveGetAndPutWithQueryWithValueTrue" time="0.160000"></testcase>
		<testcase classname="github.com/pelicanplatform/pelican/client" name="TestRecursiveUploadsAndDownloadsWithQuery/testRecursiveGetAndPutWithQueryWithValueFalse" time="0.180000"></testcase>
		<testcase classname="github.com/pelicanplatform/pelican/client" name="TestRecursiveUploadsAndDownloadsWithQuery/testRecursiveGetAndPutWithQueryAndDirectread" time="0.200000"></testcase>
		<testcase classname="github.com/pelicanplatform/pelican/client" name="TestRecursiveUploadsAndDownloadsWithQuery" time="2.510000"></testcase>
		<testcase classname="github.com/pelicanplatform/pelican/client" name="TestFailureOnOriginDisablingListings" time="1.810000"></testcase>
		<testcase classname="github.com/pelicanplatform/pelican/client" name="TestSyncUpload/testSyncUploadFull" time="0.130000"></testcase>
		<testcase classname="github.com/pelicanplatform/pelican/client" name="TestSyncUpload/testSyncUploadNone" time="0.070000"></testcase>
		<testcase classname="github.com/pelicanplatform/pelican/client" name="TestSyncUpload/testSyncUploadPartial" time="0.240000"></testcase>
		<testcase classname="github.com/pelicanplatform/pelican/client" name="TestSyncUpload/testSyncUploadFile" time="0.080000"></testcase>
		<testcase classname="github.com/pelicanplatform/pelican/client" name="TestSyncUpload" time="2.320000"></testcase>
		<testcase classname="github.com/pelicanplatform/pelican/client" name="TestSyncDownload/testSyncDownloadFull" time="0.120000"></testcase>
		<testcase classname="github.com/pelicanplatform/pelican/client" name="TestSyncDownload/testSyncDownloadNone" time="0.070000"></testcase>
		<testcase classname="github.com/pelicanplatform/pelican/client" name="TestSyncDownload/testSyncDownloadObject" time="0.070000"></testcase>
		<testcase classname="github.com/pelicanplatform/pelican/client" name="TestSyncDownload/testSyncDownloadPartial" time="0.130000"></testcase>
		<testcase classname="github.com/pelicanplatform/pelican/client" name="TestSyncDownload" time="2.350000"></testcase>
		<testcase classname="github.com/pelicanplatform/pelican/client" name="TestObjectPutNonRecursiveDirPath/testObjectPutNonRecursiveDirPath" time="0.110000"></testcase>
		<testcase classname="github.com/pelicanplatform/pelican/client" name="TestObjectPutNonRecursiveDirPath" time="1.840000"></testcase>
		<testcase classname="github.com/pelicanplatform/pelican/client" name="TestObjectDelete/testDeleteNonExistentObject" time="0.030000"></testcase>
		<testcase classname="github.com/pelicanplatform/pelican/client" name="TestObjectDelete/testDeleteObject" time="0.010000"></testcase>
		<testcase classname="github.com/pelicanplatform/pelican/client" name="TestObjectDelete/testDeleteEmptyCollection" time="0.010000"></testcase>
		<testcase classname="github.com/pelicanplatform/pelican/client" name="TestObjectDelete/testDeleteNonEmptyCollectionWithoutRecursive" time="0.010000"></testcase>
		<testcase classname="github.com/pelicanplatform/pelican/client" name="TestObjectDelete/testDeleteNonEmptyCollectionWithRecursive" time="0.040000"></testcase>
		<testcase classname="github.com/pelicanplatform/pelican/client" name="TestObjectDelete/testDeleteForNonWritableNamespace" time="0.000000"></testcase>
		<testcase classname="github.com/pelicanplatform/pelican/client" name="TestObjectDelete" time="2.000000"></testcase>
		<testcase classname="github.com/pelicanplatform/pelican/client" name="TestGetAndPutAuth/testPelicanObjectPutAndGetWithPelicanUrl" time="0.250000"></testcase>
		<testcase classname="github.com/pelicanplatform/pelican/client" name="TestGetAndPutAuth/testPelicanObjectPutAndGetWithQueryAndDestDir" time="0.100000"></testcase>
		<testcase classname="github.com/pelicanplatform/pelican/client" name="TestGetAndPutAuth/testPelicanObjectPutAndGetWithWithTokenOption" time="0.210000"></testcase>
		<testcase classname="github.com/pelicanplatform/pelican/client" name="TestGetAndPutAuth/testOsdfObjectPutAndGetWithPelicanUrl" time="0.150000"></testcase>
		<testcase classname="github.com/pelicanplatform/pelican/client" name="TestGetAndPutAuth/testOsdfObjectPutAndGetWithOSDFUrl" time="0.220000"></testcase>
		<testcase classname="github.com/pelicanplatform/pelican/client" name="TestGetAndPutAuth" time="2.730000"></testcase>
		<testcase classname="github.com/pelicanplatform/pelican/client" name="TestCopyAuth/testPelicanObjectCopyWithPelicanUrl" time="0.350000"></testcase>
		<testcase classname="github.com/pelicanplatform/pelican/client" name="TestCopyAuth/testPelicanObjectCopyWithQueryAndDestDir" time="0.100000"></testcase>
		<testcase classname="github.com/pelicanplatform/pelican/client" name="TestCopyAuth/testOsdfObjectCopyWithPelicanUrl" time="0.110000"></testcase>
		<testcase classname="github.com/pelicanplatform/pelican/client" name="TestCopyAuth/testOsdfObjectCopyWithOSDFUrl" time="0.090000"></testcase>
		<testcase classname="github.com/pelicanplatform/pelican/client" name="TestCopyAuth" time="2.640000"></testcase>
		<testcase classname="github.com/pelicanplatform/pelican/client" name="TestGetPublicRead/testPubObjGet" time="0.110000"></testcase>
		<testcase classname="github.com/pelicanplatform/pelican/client" name="TestGetPublicRead" time="2.190000"></testcase>
		<testcase classname="github.com/pelicanplatform/pelican/client" name="TestObjectStat/testPelicanObjectStatNoFlags" time="0.140000"></testcase>
		<testcase classname="github.com/pelicanplatform/pelican/client" name="TestObjectStat/testPelicanObjectStatOnDirectory" time="0.010000"></testcase>
		<testcase classname="github.com/pelicanplatform/pelican/client" name="TestObjectStat/testObjectStatOSDFScheme" time="0.010000"></testcase>
		<testcase classname="github.com/pelicanplatform/pelican/client" name="TestObjectStat" time="2.110000"></testcase>
		<testcase classname="github.com/pelicanplatform/pelican/client" name="TestDirectReads/testDirectReadsSuccess" time="2.190000"></testcase>
		<testcase classname="github.com/pelicanplatform/pelican/client" name="TestDirectReads/testDirectReadsDirectReadFalseByOrigin" time="6.970000"></testcase>
		<testcase classname="github.com/pelicanplatform/pelican/client" name="TestDirectReads/testDirectReadsDirectReadFalseByNamespace" time="6.880000"></testcase>
		<testcase classname="github.com/pelicanplatform/pelican/client" name="TestDirectReads" time="16.040000"></testcase>
		<testcase classname="github.com/pelicanplatform/pelican/client" name="TestNewTransferJob/testFailureToGetNamespaceInfo" time="0.010000"></testcase>
		<testcase classname="github.com/pelicanplatform/pelican/client" name="TestNewTransferJob/testFailureToGetToken" time="0.000000"></testcase>
		<testcase classname="github.com/pelicanplatform/pelican/client" name="TestNewTransferJob/testSuccess" time="0.000000"></testcase>
		<testcase classname="github.com/pelicanplatform/pelican/client" name="TestNewTransferJob" time="2.020000"></testcase>
		<testcase classname="github.com/pelicanplatform/pelican/client" name="TestObjectList/testPelicanObjectLsNoFlags" time="0.030000"></testcase>
		<testcase classname="github.com/pelicanplatform/pelican/client" name="TestObjectList/testPelicanObjectLsNoTokForProtectedNs" time="0.000000"></testcase>
		<testcase classname="github.com/pelicanplatform/pelican/client" name="TestObjectList/testPelicanObjectLsFailWhenNamespaceIncorrect" time="0.000000"></testcase>
		<testcase classname="github.com/pelicanplatform/pelican/client" name="TestObjectList" time="1.760000"></testcase>
		<testcase classname="github.com/pelicanplatform/pelican/client" name="TestClientUnpack" time="6.840000"></testcase>
		<testcase classname="github.com/pelicanplatform/pelican/client" name="TestTokenGenerate" time="2.420000"></testcase>
		<testcase classname="github.com/pelicanplatform/pelican/client" name="TestPrestage" time="2.009000"></testcase>
[...]
		<testcase classname="github.com/pelicanplatform/pelican/xrootd" name="TestGetPluginSearchPaths/DefaultPaths" time="0.000000"></testcase>
		<testcase classname="github.com/pelicanplatform/pelican/xrootd" name="TestGetPluginSearchPaths/WithEnvironmentVariables" time="0.000000"></testcase>
		<testcase classname="github.com/pelicanplatform/pelican/xrootd" name="TestGetPluginSearchPaths/WithMultiplePathsInEnvVar" time="0.000000"></testcase>
		<testcase classname="github.com/pelicanplatform/pelican/xrootd" name="TestGetPluginSearchPaths/WithDYLD_FALLBACK_LIBRARY_PATH" time="0.000000"></testcase>
		<testcase classname="github.com/pelicanplatform/pelican/xrootd" name="TestGetPluginSearchPaths" time="0.000000"></testcase>
		<testcase classname="github.com/pelicanplatform/pelican/xrootd" name="TestParsePluginConfigFile/ValidEnabledPlugin" time="0.000000"></testcase>
		<testcase classname="github.com/pelicanplatform/pelican/xrootd" name="TestParsePluginConfigFile/DisabledPlugin" time="0.000000"></testcase>
		<testcase classname="github.com/pelicanplatform/pelican/xrootd" name="TestParsePluginConfigFile/EnabledVariants" time="0.000000"></testcase>
		<testcase classname="github.com/pelicanplatform/pelican/xrootd" name="TestParsePluginConfigFile/RelativePath" time="0.000000"></testcase>
		<testcase classname="github.com/pelicanplatform/pelican/xrootd" name="TestParsePluginConfigFile" time="0.010000"></testcase>
		<testcase classname="github.com/pelicanplatform/pelican/xrootd" name="TestParseClientPluginDir" time="0.000000"></testcase>
		<testcase classname="github.com/pelicanplatform/pelican/xrootd" name="TestGetClientPluginPaths" time="0.010000"></testcase>
		<testcase classname="github.com/pelicanplatform/pelican/xrootd" name="TestCheckClientPluginExists" time="0.000000"></testcase>
		<testcase classname="github.com/pelicanplatform/pelican/xrootd" name="TestCheckPluginExists/PluginExists" time="0.010000"></testcase>
		<testcase classname="github.com/pelicanplatform/pelican/xrootd" name="TestCheckPluginExists/PluginDoesNotExist" time="0.010000"></testcase>
		<testcase classname="github.com/pelicanplatform/pelican/xrootd" name="TestCheckPluginExists" time="0.020000"></testcase>
		<testcase classname="github.com/pelicanplatform/pelican/xrootd" name="TestValidateRequiredPlugins/OriginAlwaysRequiresHttpPelican" time="0.000000"></testcase>
		<testcase classname="github.com/pelicanplatform/pelican/xrootd" name="TestValidateRequiredPlugins/OriginWithS3Storage" time="0.000000"></testcase>
		<testcase classname="github.com/pelicanplatform/pelican/xrootd" name="TestValidateRequiredPlugins/OriginWithHttpsStorage" time="0.000000"></testcase>
		<testcase classname="github.com/pelicanplatform/pelican/xrootd" name="TestValidateRequiredPlugins/OriginWithGlobusStorage" time="0.000000"></testcase>
		<testcase classname="github.com/pelicanplatform/pelican/xrootd" name="TestValidateRequiredPlugins/OriginWithXrootStorage" time="0.000000"></testcase>
		<testcase classname="github.com/pelicanplatform/pelican/xrootd" name="TestValidateRequiredPlugins/OriginWithMacaroons" time="0.000000"></testcase>
		<testcase classname="github.com/pelicanplatform/pelican/xrootd" name="TestValidateRequiredPlugins/OriginWithConcurrency" time="0.000000"></testcase>
		<testcase classname="github.com/pelicanplatform/pelican/xrootd" name="TestValidateRequiredPlugins/OriginWithMultiuser" time="0.000000"></testcase>
		<testcase classname="github.com/pelicanplatform/pelican/xrootd" name="TestValidateRequiredPlugins/OriginWithAtomicUploads" time="0.000000"></testcase>
		<testcase classname="github.com/pelicanplatform/pelican/xrootd" name="TestValidateRequiredPlugins/CacheAlwaysRequiresHttpPelican" time="0.000000"></testcase>
		<testcase classname="github.com/pelicanplatform/pelican/xrootd" name="TestValidateRequiredPlugins/CacheWithLotman" time="0.000000"></testcase>
		<testcase classname="github.com/pelicanplatform/pelican/xrootd" name="TestValidateRequiredPlugins/CacheWithConcurrency" time="0.000000"></testcase>
		<testcase classname="github.com/pelicanplatform/pelican/xrootd" name="TestValidateRequiredPlugins/ErrorMessageFormat" time="0.000000"></testcase>
		<testcase classname="github.com/pelicanplatform/pelican/xrootd" name="TestValidateRequiredPlugins" time="0.000000"></testcase>
		<testcase classname="github.com/pelicanplatform/pelican/xrootd" name="TestGetXRootDRPaths" time="0.000000"></testcase>
		<testcase classname="github.com/pelicanplatform/pelican/xrootd" name="TestStoreRestartInfo" time="0.000000"></testcase>
		<testcase classname="github.com/pelicanplatform/pelican/xrootd" name="TestStoreRestartInfoReplacesByRole" time="0.000000"></testcase>
		<testcase classname="github.com/pelicanplatform/pelican/xrootd" name="TestRestartXrootd_NoProcesses" time="0.000000"></testcase>
		<testcase classname="github.com/pelicanplatform/pelican/xrootd" name="TestRestartXrootd_PreRestartHookCalled" time="0.000000"></testcase>
		<testcase classname="github.com/pelicanplatform/pelican/xrootd" name="TestRestartXrootd_PostRestartHookCalled" time="0.000000"></testcase>
		<testcase classname="github.com/pelicanplatform/pelican/xrootd" name="TestRestartXrootd_HooksNotCalledWithoutRestartInfos" time="0.000000"></testcase>
		<testcase classname="github.com/pelicanplatform/pelican/xrootd" name="TestRestartXrootd_LaunchCtxOutlivesRestartCtx" time="0.000000"></testcase>
		<testcase classname="github.com/pelicanplatform/pelican/xrootd" name="TestRestartXrootd_PreRestartErrorPropagates" time="0.000000"></testcase>
		<testcase classname="github.com/pelicanplatform/pelican/xrootd" name="TestRestartXrootd_PostRestartErrorPropagates" time="0.000000"></testcase>
		<testcase classname="github.com/pelicanplatform/pelican/xrootd" name="TestCheckXrootdVersion/Exact_minimum_version" time="0.040000"></testcase>
		<testcase classname="github.com/pelicanplatform/pelican/xrootd" name="TestCheckXrootdVersion/Exact_minimum_version_with_v_prefix" time="0.020000"></testcase>
		<testcase classname="github.com/pelicanplatform/pelican/xrootd" name="TestCheckXrootdVersion/Version_above_minimum" time="0.020000"></testcase>
		<testcase classname="github.com/pelicanplatform/pelican/xrootd" name="TestCheckXrootdVersion/Version_with_prerelease_suffix" time="0.020000"></testcase>
		<testcase classname="github.com/pelicanplatform/pelican/xrootd" name="TestCheckXrootdVersion/Version_with_git_suffix" time="0.020000"></testcase>
		<testcase classname="github.com/pelicanplatform/pelican/xrootd" name="TestCheckXrootdVersion/Much_higher_version" time="0.020000"></testcase>
		<testcase classname="github.com/pelicanplatform/pelican/xrootd" name="TestCheckXrootdVersion/Version_below_minimum" time="0.030000"></testcase>
		<testcase classname="github.com/pelicanplatform/pelican/xrootd" name="TestCheckXrootdVersion/Much_lower_version" time="0.030000"></testcase>
		<testcase classname="github.com/pelicanplatform/pelican/xrootd" name="TestCheckXrootdVersion/Version_4.x" time="0.020000"></testcase>
		<testcase classname="github.com/pelicanplatform/pelican/xrootd" name="TestCheckXrootdVersion" time="0.210000"></testcase>
		<testcase classname="github.com/pelicanplatform/pelican/xrootd" name="TestCheckXrootdVersion_BinaryNotFound" time="0.000000"></testcase>
		<testcase classname="github.com/pelicanplatform/pelican/xrootd" name="TestCheckXrootdVersion_InvalidVersionFormat/Empty_version_string" time="0.030000"></testcase>
		<testcase classname="github.com/pelicanplatform/pelican/xrootd" name="TestCheckXrootdVersion_InvalidVersionFormat/Invalid_version_format" time="0.030000"></testcase>
		<testcase classname="github.com/pelicanplatform/pelican/xrootd" name="TestCheckXrootdVersion_InvalidVersionFormat/Just_text" time="0.030000"></testcase>
		<testcase classname="github.com/pelicanplatform/pelican/xrootd" name="TestCheckXrootdVersion_InvalidVersionFormat" time="0.090000"></testcase>
		<testcase classname="github.com/pelicanplatform/pelican/xrootd" name="TestCheckXrootdVersion_RealBinary" time="0.020000"></testcase>
		<testcase classname="github.com/pelicanplatform/pelican/xrootd" name="TestXrootDOriginConfig/TestOriginCmsCorrectConfig" time="0.200000"></testcase>
		<testcase classname="github.com/pelicanplatform/pelican/xrootd" name="TestXrootDOriginConfig/TestOriginCmsIncorrectConfig" time="0.140000"></testcase>
		<testcase classname="github.com/pelicanplatform/pelican/xrootd" name="TestXrootDOriginConfig/TestOriginScitokensCorrectConfig" time="0.060000"></testcase>
		<testcase classname="github.com/pelicanplatform/pelican/xrootd" name="TestXrootDOriginConfig/TestOriginScitokensIncorrectConfig" time="0.060000"></testcase>
		<testcase classname="github.com/pelicanplatform/pelican/xrootd" name="TestXrootDOriginConfig/TestOriginXrdCorrectConfig" time="0.060000"></testcase>
		<testcase classname="github.com/pelicanplatform/pelican/xrootd" name="TestXrootDOriginConfig/TestOriginXrdIncorrectConfig" time="0.050000"></testcase>
		<testcase classname="github.com/pelicanplatform/pelican/xrootd" name="TestXrootDOriginConfig/TestOriginXrootdCorrectConfig" time="0.050000"></testcase>
		<testcase classname="github.com/pelicanplatform/pelican/xrootd" name="TestXrootDOriginConfig/TestOriginXrootdIncorrectConfig" time="0.060000"></testcase>
		<testcase classname="github.com/pelicanplatform/pelican/xrootd" name="TestXrootDOriginConfig/TestOriginTPCEnabledByDefault" time="0.040000"></testcase>
		<testcase classname="github.com/pelicanplatform/pelican/xrootd" name="TestXrootDOriginConfig/TestOriginTPCDisabledByConfig" time="0.040000"></testcase>
		<testcase classname="github.com/pelicanplatform/pelican/xrootd" name="TestXrootDOriginConfig/TestOsdfWithXRDHOSTAndPort" time="0.050000"></testcase>
		<testcase classname="github.com/pelicanplatform/pelican/xrootd" name="TestXrootDOriginConfig/TestOsdfWithXRDHOSTAndNoPort" time="0.060000"></testcase>
		<testcase classname="github.com/pelicanplatform/pelican/xrootd" name="TestXrootDOriginConfig/TestPelicanWithXRDHOST" time="0.070000"></testcase>
		<testcase classname="github.com/pelicanplatform/pelican/xrootd" name="TestXrootDOriginConfig" time="0.950000"></testcase>
		<testcase classname="github.com/pelicanplatform/pelican/xrootd" name="TestShouldEnableTPC/DisabledGlobally" time="0.000000"></testcase>
		<testcase classname="github.com/pelicanplatform/pelican/xrootd" name="TestShouldEnableTPC/NoCopiesEnabledInAnyExport" time="0.000000"></testcase>
		<testcase classname="github.com/pelicanplatform/pelican/xrootd" name="TestShouldEnableTPC/AtLeastOneExportEnablesCopies" time="0.000000"></testcase>
		<testcase classname="github.com/pelicanplatform/pelican/xrootd" name="TestShouldEnableTPC" time="0.000000"></testcase>
		<testcase classname="github.com/pelicanplatform/pelican/xrootd" name="TestXrootDCacheConfig/TestCacheThrottlePluginEnabled" time="0.050000"></testcase>
		<testcase classname="github.com/pelicanplatform/pelican/xrootd" name="TestXrootDCacheConfig/TestCacheThrottlePluginDisabled" time="0.040000"></testcase>
		<testcase classname="github.com/pelicanplatform/pelican/xrootd" name="TestXrootDCacheConfig/TestCacheOfsCorrectConfig" time="0.040000"></testcase>
		<testcase classname="github.com/pelicanplatform/pelican/xrootd" name="TestXrootDCacheConfig/TestCacheOfsIncorrectConfig" time="0.040000"></testcase>
		<testcase classname="github.com/pelicanplatform/pelican/xrootd" name="TestXrootDCacheConfig/TestCachePfcCorrectConfig" time="0.070000"></testcase>
		<testcase classname="github.com/pelicanplatform/pelican/xrootd" name="TestXrootDCacheConfig/TestCachePfcIncorrectConfig" time="0.070000"></testcase>
		<testcase classname="github.com/pelicanplatform/pelican/xrootd" name="TestXrootDCacheConfig/TestCachePssCorrectConfig" time="0.060000"></testcase>
		<testcase classname="github.com/pelicanplatform/pelican/xrootd" name="TestXrootDCacheConfig/TestCachePssIncorrectConfig" time="0.050000"></testcase>
		<testcase classname="github.com/pelicanplatform/pelican/xrootd" name="TestXrootDCacheConfig/TestCachePssSetOptCorrectConfig" time="0.060000"></testcase>
		<testcase classname="github.com/pelicanplatform/pelican/xrootd" name="TestXrootDCacheConfig/TestCacheScitokensCorrectConfig" time="0.080000"></testcase>
		<testcase classname="github.com/pelicanplatform/pelican/xrootd" name="TestXrootDCacheConfig/TestCacheScitokensIncorrectConfig" time="0.090000"></testcase>
		<testcase classname="github.com/pelicanplatform/pelican/xrootd" name="TestXrootDCacheConfig/TestCacheXrdCorrectConfig" time="0.120000"></testcase>
		<testcase classname="github.com/pelicanplatform/pelican/xrootd" name="TestXrootDCacheConfig/TestCacheXrdIncorrectConfig" time="0.070000"></testcase>
		<testcase classname="github.com/pelicanplatform/pelican/xrootd" name="TestXrootDCacheConfig/TestCacheXrootdCorrectConfig" time="0.060000"></testcase>
		<testcase classname="github.com/pelicanplatform/pelican/xrootd" name="TestXrootDCacheConfig/TestCacheXrootdIncorrectConfig" time="0.050000"></testcase>
		<testcase classname="github.com/pelicanplatform/pelican/xrootd" name="TestXrootDCacheConfig/TestNestedDataMetaNamespace" time="0.000000"></testcase>
		<testcase classname="github.com/pelicanplatform/pelican/xrootd" name="TestXrootDCacheConfig" time="0.990000"></testcase>
		<testcase classname="github.com/pelicanplatform/pelican/xrootd" name="TestDurationStrToSecondsHookFuncGenerator/stringWithUnit" time="0.000000"></testcase>
		<testcase classname="github.com/pelicanplatform/pelican/xrootd" name="TestDurationStrToSecondsHookFuncGenerator/stringWithoutUnitGetsSeconds" time="0.000000"></testcase>
		<testcase classname="github.com/pelicanplatform/pelican/xrootd" name="TestDurationStrToSecondsHookFuncGenerator/intValue" time="0.000000"></testcase>
		<testcase classname="github.com/pelicanplatform/pelican/xrootd" name="TestDurationStrToSecondsHookFuncGenerator/floatValueRoundsDownSeconds" time="0.000000"></testcase>
		<testcase classname="github.com/pelicanplatform/pelican/xrootd" name="TestDurationStrToSecondsHookFuncGenerator/missingKeyReturnsUnchanged" time="0.000000"></testcase>
		<testcase classname="github.com/pelicanplatform/pelican/xrootd" name="TestDurationStrToSecondsHookFuncGenerator/nonTargetStructSkipsHook" time="0.000000"></testcase>
		<testcase classname="github.com/pelicanplatform/pelican/xrootd" name="TestDurationStrToSecondsHookFuncGenerator/badMapTypeErrors" time="0.000000"></testcase>
		<testcase classname="github.com/pelicanplatform/pelican/xrootd" name="TestDurationStrToSecondsHookFuncGenerator/validationApplied" time="0.000000"></testcase>
		<testcase classname="github.com/pelicanplatform/pelican/xrootd" name="TestDurationStrToSecondsHookFuncGenerator" time="0.000000"></testcase>
		<testcase classname="github.com/pelicanplatform/pelican/xrootd" name="TestUpdateAuth" time="0.190000"></testcase>
		<testcase classname="github.com/pelicanplatform/pelican/xrootd" name="TestCopyCertificates" time="0.660000"></testcase>
		<testcase classname="github.com/pelicanplatform/pelican/xrootd" name="TestCopyCertificatesWithPKCS11" time="0.060000"></testcase>
		<testcase classname="github.com/pelicanplatform/pelican/xrootd" name="TestAuthIntervalUnmarshal/test-minutes-to-seconds" time="0.000000"></testcase>
		<testcase classname="github.com/pelicanplatform/pelican/xrootd" name="TestAuthIntervalUnmarshal/test-hours-to-seconds" time="0.000000"></testcase>
		<testcase classname="github.com/pelicanplatform/pelican/xrootd" name="TestAuthIntervalUnmarshal/test-seconds-to-seconds" time="0.000000"></testcase>
		<testcase classname="github.com/pelicanplatform/pelican/xrootd" name="TestAuthIntervalUnmarshal/test-less-than-60s" time="0.000000"></testcase>
		<testcase classname="github.com/pelicanplatform/pelican/xrootd" name="TestAuthIntervalUnmarshal/test-no-suffix-to-seconds" time="0.000000"></testcase>
		<testcase classname="github.com/pelicanplatform/pelican/xrootd" name="TestAuthIntervalUnmarshal/test-less-than-second" time="0.000000"></testcase>
		<testcase classname="github.com/pelicanplatform/pelican/xrootd" name="TestAuthIntervalUnmarshal" time="0.000000"></testcase>
		<testcase classname="github.com/pelicanplatform/pelican/xrootd" name="TestGenLoggingConfig/EmptyLogMap" time="0.000000"></testcase>
		<testcase classname="github.com/pelicanplatform/pelican/xrootd" name="TestGenLoggingConfig/BadInput" time="0.000000"></testcase>
		<testcase classname="github.com/pelicanplatform/pelican/xrootd" name="TestGenLoggingConfig/EmptyInput" time="0.000000"></testcase>
		<testcase classname="github.com/pelicanplatform/pelican/xrootd" name="TestGenLoggingConfig/DirectMatch" time="0.000000"></testcase>
		<testcase classname="github.com/pelicanplatform/pelican/xrootd" name="TestGenLoggingConfig/HandleUppercase" time="0.000000"></testcase>
		<testcase classname="github.com/pelicanplatform/pelican/xrootd" name="TestGenLoggingConfig/MapDown" time="0.000000"></testcase>
		<testcase classname="github.com/pelicanplatform/pelican/xrootd" name="TestGenLoggingConfig/MapUpIfNoDown" time="0.000000"></testcase>
		<testcase classname="github.com/pelicanplatform/pelican/xrootd" name="TestGenLoggingConfig" time="0.000000"></testcase>
		<testcase classname="github.com/pelicanplatform/pelican/xrootd" name="TestAutoShutdownOnStaleAuthfile" time="0.270000"></testcase>
		<testcase classname="github.com/pelicanplatform/pelican/xrootd" name="TestConfigUpdatesHealthOKWhenFresh" time="0.030000"></testcase>
		<testcase classname="github.com/pelicanplatform/pelican/xrootd" name="TestLaunchXrootdMaintenanceSeedsHealthStatus" time="0.030000"></testcase>
		<testcase classname="github.com/pelicanplatform/pelican/xrootd" name="TestPurgeColdFilesAgeFromMaxLotLifetime/one_hour_minimum_accepted" time="0.000000"></testcase>
		<testcase classname="github.com/pelicanplatform/pelican/xrootd" name="TestPurgeColdFilesAgeFromMaxLotLifetime/one_day_accepted" time="0.000000"></testcase>
		<testcase classname="github.com/pelicanplatform/pelican/xrootd" name="TestPurgeColdFilesAgeFromMaxLotLifetime/week_accepted" time="0.000000"></testcase>
		<testcase classname="github.com/pelicanplatform/pelican/xrootd" name="TestPurgeColdFilesAgeFromMaxLotLifetime/360_days_maximum_accepted" time="0.000000"></testcase>
		<testcase classname="github.com/pelicanplatform/pelican/xrootd" name="TestPurgeColdFilesAgeFromMaxLotLifetime" time="0.000000"></testcase>
		<testcase classname="github.com/pelicanplatform/pelican/xrootd" name="TestCacheSizeToXrootd/integer_percent_becomes_fraction" time="0.000000"></testcase>
		<testcase classname="github.com/pelicanplatform/pelican/xrootd" name="TestCacheSizeToXrootd/low_integer_percent" time="0.000000"></testcase>
		<testcase classname="github.com/pelicanplatform/pelican/xrootd" name="TestCacheSizeToXrootd/100_percent_becomes_1.00" time="0.000000"></testcase>
		<testcase classname="github.com/pelicanplatform/pelican/xrootd" name="TestCacheSizeToXrootd/absolute_gigabytes_pass_through" time="0.000000"></testcase>
		<testcase classname="github.com/pelicanplatform/pelican/xrootd" name="TestCacheSizeToXrootd/absolute_terabytes_pass_through" time="0.000000"></testcase>
		<testcase classname="github.com/pelicanplatform/pelican/xrootd" name="TestCacheSizeToXrootd/already-decimal_fraction_passes_through" time="0.000000"></testcase>
		<testcase classname="github.com/pelicanplatform/pelican/xrootd" name="TestCacheSizeToXrootd/zero_passes_through_(not_a_percentage)" time="0.000000"></testcase>
		<testcase classname="github.com/pelicanplatform/pelican/xrootd" name="TestCacheSizeToXrootd/empty_passes_through" time="0.000000"></testcase>
		<testcase classname="github.com/pelicanplatform/pelican/xrootd" name="TestCacheSizeToXrootd" time="0.000000"></testcase>
		<testcase classname="github.com/pelicanplatform/pelican/xrootd" name="TestHttpOriginConfig" time="2.430000"></testcase>
	</testsuite>
</testsuites>